{"C:\\Users\\daniy\\OneDrive\\Desktop\\MyWork\\Coffee Ordering App Latest\\components\\features\\AllMembersTab.tsx": {"path":"C:\\Users\\daniy\\OneDrive\\Desktop\\MyWork\\Coffee Ordering App Latest\\components\\features\\AllMembersTab.tsx","statementMap":{"0":{"start":{"line":1,"column":0},"end":{"line":1,"column":26}},"1":{"start":{"line":2,"column":0},"end":{"line":2,"column":69}},"2":{"start":{"line":3,"column":0},"end":{"line":3,"column":37}},"3":{"start":{"line":4,"column":0},"end":{"line":4,"column":33}},"4":{"start":{"line":5,"column":0},"end":{"line":5,"column":35}},"5":{"start":{"line":6,"column":0},"end":{"line":6,"column":35}},"6":{"start":{"line":7,"column":0},"end":{"line":7,"column":53}},"7":{"start":{"line":9,"column":0},"end":{"line":9,"column":33}},"8":{"start":{"line":10,"column":0},"end":{"line":10,"column":57}},"9":{"start":{"line":11,"column":0},"end":{"line":11,"column":62}},"10":{"start":{"line":12,"column":0},"end":{"line":12,"column":56}},"11":{"start":{"line":19,"column":59},"end":{"line":228,"column":1}},"12":{"start":{"line":23,"column":44},"end":{"line":23,"column":73}},"13":{"start":{"line":24,"column":34},"end":{"line":24,"column":46}},"14":{"start":{"line":25,"column":36},"end":{"line":25,"column":48}},"15":{"start":{"line":26,"column":48},"end":{"line":26,"column":61}},"16":{"start":{"line":27,"column":61},"end":{"line":27,"column":80}},"17":{"start":{"line":28,"column":21},"end":{"line":28,"column":37}},"18":{"start":{"line":30,"column":26},"end":{"line":34,"column":3}},"19":{"start":{"line":31,"column":4},"end":{"line":31,"column":34}},"20":{"start":{"line":32,"column":4},"end":{"line":32,"column":29}},"21":{"start":{"line":33,"column":4},"end":{"line":33,"column":21}},"22":{"start":{"line":36,"column":27},"end":{"line":40,"column":3}},"23":{"start":{"line":37,"column":4},"end":{"line":37,"column":27}},"24":{"start":{"line":38,"column":4},"end":{"line":38,"column":20}},"25":{"start":{"line":39,"column":4},"end":{"line":39,"column":21}},"26":{"start":{"line":42,"column":29},"end":{"line":56,"column":3}},"27":{"start":{"line":43,"column":4},"end":{"line":43,"column":52}},"28":{"start":{"line":43,"column":40},"end":{"line":43,"column":52}},"29":{"start":{"line":45,"column":27},"end":{"line":46,"column":null}},"30":{"start":{"line":46,"column":6},"end":{"line":46,"column":64}},"31":{"start":{"line":49,"column":4},"end":{"line":52,"column":5}},"32":{"start":{"line":50,"column":6},"end":{"line":50,"column":88}},"33":{"start":{"line":51,"column":6},"end":{"line":51,"column":19}},"34":{"start":{"line":54,"column":4},"end":{"line":54,"column":21}},"35":{"start":{"line":55,"column":4},"end":{"line":55,"column":16}},"36":{"start":{"line":58,"column":25},"end":{"line":88,"column":3}},"37":{"start":{"line":59,"column":20},"end":{"line":59,"column":35}},"38":{"start":{"line":60,"column":4},"end":{"line":63,"column":5}},"39":{"start":{"line":61,"column":6},"end":{"line":61,"column":44}},"40":{"start":{"line":62,"column":6},"end":{"line":62,"column":13}},"41":{"start":{"line":65,"column":4},"end":{"line":67,"column":5}},"42":{"start":{"line":66,"column":6},"end":{"line":66,"column":13}},"43":{"start":{"line":70,"column":4},"end":{"line":73,"column":7}},"44":{"start":{"line":71,"column":6},"end":{"line":71,"column":55}},"45":{"start":{"line":72,"column":6},"end":{"line":72,"column":66}},"46":{"start":{"line":76,"column":28},"end":{"line":76,"column":91}},"47":{"start":{"line":76,"column":52},"end":{"line":76,"column":90}},"48":{"start":{"line":77,"column":4},"end":{"line":83,"column":7}},"49":{"start":{"line":78,"column":6},"end":{"line":78,"column":39}},"50":{"start":{"line":79,"column":6},"end":{"line":82,"column":9}},"51":{"start":{"line":85,"column":4},"end":{"line":85,"column":27}},"52":{"start":{"line":86,"column":4},"end":{"line":86,"column":20}},"53":{"start":{"line":87,"column":4},"end":{"line":87,"column":21}},"54":{"start":{"line":90,"column":29},"end":{"line":111,"column":3}},"55":{"start":{"line":92,"column":4},"end":{"line":94,"column":7}},"56":{"start":{"line":93,"column":6},"end":{"line":93,"column":47}},"57":{"start":{"line":97,"column":28},"end":{"line":97,"column":83}},"58":{"start":{"line":97,"column":52},"end":{"line":97,"column":82}},"59":{"start":{"line":98,"column":4},"end":{"line":110,"column":7}},"60":{"start":{"line":100,"column":6},"end":{"line":107,"column":9}},"61":{"start":{"line":101,"column":8},"end":{"line":106,"column":11}},"62":{"start":{"line":109,"column":6},"end":{"line":109,"column":39}},"63":{"start":{"line":113,"column":2},"end":{"line":227,"column":4}},"64":{"start":{"line":129,"column":12},"end":{"line":129,"column":50}},"65":{"start":{"line":138,"column":45},"end":{"line":138,"column":72}},"66":{"start":{"line":145,"column":45},"end":{"line":145,"column":81}},"67":{"start":{"line":180,"column":26},"end":{"line":180,"column":67}},"68":{"start":{"line":197,"column":39},"end":{"line":197,"column":62}},"69":{"start":{"line":205,"column":39},"end":{"line":205,"column":65}},"70":{"start":{"line":213,"column":39},"end":{"line":213,"column":79}},"71":{"start":{"line":19,"column":13},"end":{"line":19,"column":59}}},"fnMap":{"0":{"name":"(anonymous_0)","decl":{"start":{"line":19,"column":59},"end":{"line":19,"column":60}},"loc":{"start":{"line":22,"column":5},"end":{"line":228,"column":1}}},"1":{"name":"(anonymous_1)","decl":{"start":{"line":30,"column":26},"end":{"line":30,"column":27}},"loc":{"start":{"line":30,"column":50},"end":{"line":34,"column":3}}},"2":{"name":"(anonymous_2)","decl":{"start":{"line":36,"column":27},"end":{"line":36,"column":30}},"loc":{"start":{"line":36,"column":32},"end":{"line":40,"column":3}}},"3":{"name":"(anonymous_3)","decl":{"start":{"line":42,"column":29},"end":{"line":42,"column":30}},"loc":{"start":{"line":42,"column":70},"end":{"line":56,"column":3}}},"4":{"name":"(anonymous_4)","decl":{"start":{"line":45,"column":43},"end":{"line":45,"column":44}},"loc":{"start":{"line":46,"column":6},"end":{"line":46,"column":64}}},"5":{"name":"(anonymous_5)","decl":{"start":{"line":58,"column":25},"end":{"line":58,"column":26}},"loc":{"start":{"line":58,"column":80},"end":{"line":88,"column":3}}},"6":{"name":"(anonymous_6)","decl":{"start":{"line":70,"column":25},"end":{"line":70,"column":30}},"loc":{"start":{"line":70,"column":33},"end":{"line":73,"column":5}}},"7":{"name":"(anonymous_7)","decl":{"start":{"line":76,"column":45},"end":{"line":76,"column":48}},"loc":{"start":{"line":76,"column":52},"end":{"line":76,"column":90}}},"8":{"name":"(anonymous_8)","decl":{"start":{"line":77,"column":28},"end":{"line":77,"column":36}},"loc":{"start":{"line":77,"column":39},"end":{"line":83,"column":5}}},"9":{"name":"(anonymous_9)","decl":{"start":{"line":90,"column":29},"end":{"line":90,"column":30}},"loc":{"start":{"line":90,"column":76},"end":{"line":111,"column":3}}},"10":{"name":"(anonymous_10)","decl":{"start":{"line":92,"column":25},"end":{"line":92,"column":30}},"loc":{"start":{"line":92,"column":33},"end":{"line":94,"column":5}}},"11":{"name":"(anonymous_11)","decl":{"start":{"line":97,"column":45},"end":{"line":97,"column":48}},"loc":{"start":{"line":97,"column":52},"end":{"line":97,"column":82}}},"12":{"name":"(anonymous_12)","decl":{"start":{"line":98,"column":28},"end":{"line":98,"column":36}},"loc":{"start":{"line":98,"column":39},"end":{"line":110,"column":5}}},"13":{"name":"(anonymous_13)","decl":{"start":{"line":100,"column":27},"end":{"line":100,"column":32}},"loc":{"start":{"line":100,"column":35},"end":{"line":107,"column":7}}},"14":{"name":"(anonymous_14)","decl":{"start":{"line":128,"column":26},"end":{"line":128,"column":27}},"loc":{"start":{"line":129,"column":12},"end":{"line":129,"column":50}}},"15":{"name":"(anonymous_15)","decl":{"start":{"line":138,"column":38},"end":{"line":138,"column":39}},"loc":{"start":{"line":138,"column":45},"end":{"line":138,"column":72}}},"16":{"name":"(anonymous_16)","decl":{"start":{"line":145,"column":39},"end":{"line":145,"column":42}},"loc":{"start":{"line":145,"column":45},"end":{"line":145,"column":81}}},"17":{"name":"(anonymous_17)","decl":{"start":{"line":179,"column":41},"end":{"line":179,"column":42}},"loc":{"start":{"line":180,"column":26},"end":{"line":180,"column":67}}},"18":{"name":"(anonymous_18)","decl":{"start":{"line":197,"column":33},"end":{"line":197,"column":36}},"loc":{"start":{"line":197,"column":39},"end":{"line":197,"column":62}}},"19":{"name":"(anonymous_19)","decl":{"start":{"line":205,"column":33},"end":{"line":205,"column":36}},"loc":{"start":{"line":205,"column":39},"end":{"line":205,"column":65}}},"20":{"name":"(anonymous_20)","decl":{"start":{"line":213,"column":33},"end":{"line":213,"column":36}},"loc":{"start":{"line":213,"column":39},"end":{"line":213,"column":79}}}},"branchMap":{"0":{"loc":{"start":{"line":43,"column":4},"end":{"line":43,"column":52}},"type":"if","locations":[{"start":{"line":43,"column":4},"end":{"line":43,"column":52}},{"start":{},"end":{}}]},"1":{"loc":{"start":{"line":49,"column":4},"end":{"line":52,"column":5}},"type":"if","locations":[{"start":{"line":49,"column":4},"end":{"line":52,"column":5}},{"start":{},"end":{}}]},"2":{"loc":{"start":{"line":60,"column":4},"end":{"line":63,"column":5}},"type":"if","locations":[{"start":{"line":60,"column":4},"end":{"line":63,"column":5}},{"start":{},"end":{}}]},"3":{"loc":{"start":{"line":65,"column":4},"end":{"line":67,"column":5}},"type":"if","locations":[{"start":{"line":65,"column":4},"end":{"line":67,"column":5}},{"start":{},"end":{}}]},"4":{"loc":{"start":{"line":118,"column":44},"end":{"line":118,"column":78}},"type":"cond-expr","locations":[{"start":{"line":118,"column":70},"end":{"line":118,"column":73}},{"start":{"line":118,"column":76},"end":{"line":118,"column":78}}]},"5":{"loc":{"start":{"line":122,"column":7},"end":{"line":224,"column":null}},"type":"cond-expr","locations":[{"start":{"line":123,"column":8},"end":{"line":123,"column":null}},{"start":{"line":127,"column":8},"end":{"line":223,"column":null}}]},"6":{"loc":{"start":{"line":134,"column":23},"end":{"line":166,"column":null}},"type":"cond-expr","locations":[{"start":{"line":135,"column":24},"end":{"line":158,"column":null}},{"start":{"line":161,"column":24},"end":{"line":165,"column":null}}]},"7":{"loc":{"start":{"line":163,"column":27},"end":{"line":164,"column":null}},"type":"binary-expr","locations":[{"start":{"line":163,"column":27},"end":{"line":163,"column":43}},{"start":{"line":163,"column":47},"end":{"line":163,"column":74}},{"start":{"line":164,"column":28},"end":{"line":164,"column":82}}]},"8":{"loc":{"start":{"line":170,"column":21},"end":{"line":174,"column":null}},"type":"binary-expr","locations":[{"start":{"line":170,"column":21},"end":{"line":170,"column":30}},{"start":{"line":171,"column":22},"end":{"line":173,"column":null}}]},"9":{"loc":{"start":{"line":178,"column":23},"end":{"line":187,"column":null}},"type":"cond-expr","locations":[{"start":{"line":179,"column":24},"end":{"line":183,"column":26}},{"start":{"line":185,"column":24},"end":{"line":185,"column":null}}]},"10":{"loc":{"start":{"line":192,"column":19},"end":{"line":218,"column":null}},"type":"binary-expr","locations":[{"start":{"line":192,"column":19},"end":{"line":192,"column":48}},{"start":{"line":193,"column":20},"end":{"line":217,"column":null}}]}},"s":{"0":0,"1":0,"2":0,"3":0,"4":0,"5":0,"6":0,"7":0,"8":0,"9":0,"10":0,"11":0,"12":0,"13":0,"14":0,"15":0,"16":0,"17":0,"18":0,"19":0,"20":0,"21":0,"22":0,"23":0,"24":0,"25":0,"26":0,"27":0,"28":0,"29":0,"30":0,"31":0,"32":0,"33":0,"34":0,"35":0,"36":0,"37":0,"38":0,"39":0,"40":0,"41":0,"42":0,"43":0,"44":0,"45":0,"46":0,"47":0,"48":0,"49":0,"50":0,"51":0,"52":0,"53":0,"54":0,"55":0,"56":0,"57":0,"58":0,"59":0,"60":0,"61":0,"62":0,"63":0,"64":0,"65":0,"66":0,"67":0,"68":0,"69":0,"70":0,"71":0},"f":{"0":0,"1":0,"2":0,"3":0,"4":0,"5":0,"6":0,"7":0,"8":0,"9":0,"10":0,"11":0,"12":0,"13":0,"14":0,"15":0,"16":0,"17":0,"18":0,"19":0,"20":0},"b":{"0":[0,0],"1":[0,0],"2":[0,0],"3":[0,0],"4":[0,0],"5":[0,0],"6":[0,0],"7":[0,0,0],"8":[0,0],"9":[0,0],"10":[0,0]}}
,"C:\\Users\\daniy\\OneDrive\\Desktop\\MyWork\\Coffee Ordering App Latest\\components\\features\\CheckoutForm.tsx": {"path":"C:\\Users\\daniy\\OneDrive\\Desktop\\MyWork\\Coffee Ordering App Latest\\components\\features\\CheckoutForm.tsx","statementMap":{"0":{"start":{"line":2,"column":0},"end":{"line":2,"column":42}},"1":{"start":{"line":3,"column":0},"end":{"line":3,"column":69}},"2":{"start":{"line":4,"column":0},"end":{"line":4,"column":35}},"3":{"start":{"line":5,"column":0},"end":{"line":5,"column":35}},"4":{"start":{"line":6,"column":0},"end":{"line":6,"column":43}},"5":{"start":{"line":7,"column":0},"end":{"line":7,"column":53}},"6":{"start":{"line":8,"column":0},"end":{"line":8,"column":60}},"7":{"start":{"line":10,"column":38},"end":{"line":166,"column":1}},"8":{"start":{"line":11,"column":67},"end":{"line":11,"column":85}},"9":{"start":{"line":13,"column":23},"end":{"line":15,"column":3}},"10":{"start":{"line":14,"column":4},"end":{"line":14,"column":36}},"11":{"start":{"line":17,"column":2},"end":{"line":165,"column":4}},"12":{"start":{"line":38,"column":31},"end":{"line":38,"column":77}},"13":{"start":{"line":53,"column":31},"end":{"line":53,"column":73}},"14":{"start":{"line":70,"column":33},"end":{"line":70,"column":75}},"15":{"start":{"line":85,"column":33},"end":{"line":85,"column":68}},"16":{"start":{"line":107,"column":31},"end":{"line":107,"column":84}},"17":{"start":{"line":123,"column":33},"end":{"line":123,"column":84}},"18":{"start":{"line":137,"column":33},"end":{"line":137,"column":85}},"19":{"start":{"line":153,"column":31},"end":{"line":153,"column":85}},"20":{"start":{"line":10,"column":13},"end":{"line":10,"column":38}}},"fnMap":{"0":{"name":"(anonymous_0)","decl":{"start":{"line":10,"column":38},"end":{"line":10,"column":41}},"loc":{"start":{"line":10,"column":43},"end":{"line":166,"column":1}}},"1":{"name":"(anonymous_1)","decl":{"start":{"line":13,"column":23},"end":{"line":13,"column":24}},"loc":{"start":{"line":13,"column":56},"end":{"line":15,"column":3}}},"2":{"name":"(anonymous_2)","decl":{"start":{"line":38,"column":24},"end":{"line":38,"column":25}},"loc":{"start":{"line":38,"column":31},"end":{"line":38,"column":77}}},"3":{"name":"(anonymous_3)","decl":{"start":{"line":53,"column":24},"end":{"line":53,"column":25}},"loc":{"start":{"line":53,"column":31},"end":{"line":53,"column":73}}},"4":{"name":"(anonymous_4)","decl":{"start":{"line":70,"column":26},"end":{"line":70,"column":27}},"loc":{"start":{"line":70,"column":33},"end":{"line":70,"column":75}}},"5":{"name":"(anonymous_5)","decl":{"start":{"line":85,"column":26},"end":{"line":85,"column":27}},"loc":{"start":{"line":85,"column":33},"end":{"line":85,"column":68}}},"6":{"name":"(anonymous_6)","decl":{"start":{"line":107,"column":24},"end":{"line":107,"column":25}},"loc":{"start":{"line":107,"column":31},"end":{"line":107,"column":84}}},"7":{"name":"(anonymous_7)","decl":{"start":{"line":123,"column":26},"end":{"line":123,"column":27}},"loc":{"start":{"line":123,"column":33},"end":{"line":123,"column":84}}},"8":{"name":"(anonymous_8)","decl":{"start":{"line":137,"column":26},"end":{"line":137,"column":27}},"loc":{"start":{"line":137,"column":33},"end":{"line":137,"column":85}}},"9":{"name":"(anonymous_9)","decl":{"start":{"line":153,"column":24},"end":{"line":153,"column":25}},"loc":{"start":{"line":153,"column":31},"end":{"line":153,"column":85}}}},"branchMap":{"0":{"loc":{"start":{"line":26,"column":9},"end":{"line":29,"column":null}},"type":"binary-expr","locations":[{"start":{"line":26,"column":9},"end":{"line":26,"column":23}},{"start":{"line":27,"column":10},"end":{"line":28,"column":null}}]},"1":{"loc":{"start":{"line":40,"column":25},"end":{"line":40,"column":74}},"type":"cond-expr","locations":[{"start":{"line":40,"column":49},"end":{"line":40,"column":69}},{"start":{"line":40,"column":72},"end":{"line":40,"column":74}}]},"2":{"loc":{"start":{"line":43,"column":13},"end":{"line":44,"column":null}},"type":"binary-expr","locations":[{"start":{"line":43,"column":13},"end":{"line":43,"column":34}},{"start":{"line":44,"column":14},"end":{"line":44,"column":86}}]},"3":{"loc":{"start":{"line":56,"column":25},"end":{"line":56,"column":70}},"type":"cond-expr","locations":[{"start":{"line":56,"column":45},"end":{"line":56,"column":65}},{"start":{"line":56,"column":68},"end":{"line":56,"column":70}}]},"4":{"loc":{"start":{"line":59,"column":13},"end":{"line":60,"column":null}},"type":"binary-expr","locations":[{"start":{"line":59,"column":13},"end":{"line":59,"column":30}},{"start":{"line":60,"column":14},"end":{"line":60,"column":82}}]},"5":{"loc":{"start":{"line":73,"column":27},"end":{"line":73,"column":72}},"type":"cond-expr","locations":[{"start":{"line":73,"column":47},"end":{"line":73,"column":67}},{"start":{"line":73,"column":70},"end":{"line":73,"column":72}}]},"6":{"loc":{"start":{"line":76,"column":15},"end":{"line":77,"column":null}},"type":"binary-expr","locations":[{"start":{"line":76,"column":15},"end":{"line":76,"column":32}},{"start":{"line":77,"column":16},"end":{"line":77,"column":84}}]},"7":{"loc":{"start":{"line":88,"column":27},"end":{"line":88,"column":65}},"type":"cond-expr","locations":[{"start":{"line":88,"column":40},"end":{"line":88,"column":60}},{"start":{"line":88,"column":63},"end":{"line":88,"column":65}}]},"8":{"loc":{"start":{"line":91,"column":15},"end":{"line":92,"column":null}},"type":"binary-expr","locations":[{"start":{"line":91,"column":15},"end":{"line":91,"column":25}},{"start":{"line":92,"column":16},"end":{"line":92,"column":77}}]},"9":{"loc":{"start":{"line":109,"column":25},"end":{"line":109,"column":66}},"type":"cond-expr","locations":[{"start":{"line":109,"column":41},"end":{"line":109,"column":61}},{"start":{"line":109,"column":64},"end":{"line":109,"column":66}}]},"10":{"loc":{"start":{"line":112,"column":13},"end":{"line":113,"column":null}},"type":"binary-expr","locations":[{"start":{"line":112,"column":13},"end":{"line":112,"column":26}},{"start":{"line":113,"column":14},"end":{"line":113,"column":78}}]},"11":{"loc":{"start":{"line":125,"column":27},"end":{"line":125,"column":66}},"type":"cond-expr","locations":[{"start":{"line":125,"column":41},"end":{"line":125,"column":61}},{"start":{"line":125,"column":64},"end":{"line":125,"column":66}}]},"12":{"loc":{"start":{"line":128,"column":15},"end":{"line":129,"column":null}},"type":"binary-expr","locations":[{"start":{"line":128,"column":15},"end":{"line":128,"column":26}},{"start":{"line":129,"column":16},"end":{"line":129,"column":78}}]},"13":{"loc":{"start":{"line":139,"column":27},"end":{"line":139,"column":67}},"type":"cond-expr","locations":[{"start":{"line":139,"column":42},"end":{"line":139,"column":62}},{"start":{"line":139,"column":65},"end":{"line":139,"column":67}}]},"14":{"loc":{"start":{"line":142,"column":15},"end":{"line":143,"column":null}},"type":"binary-expr","locations":[{"start":{"line":142,"column":15},"end":{"line":142,"column":27}},{"start":{"line":143,"column":16},"end":{"line":143,"column":79}}]},"15":{"loc":{"start":{"line":155,"column":25},"end":{"line":155,"column":67}},"type":"cond-expr","locations":[{"start":{"line":155,"column":42},"end":{"line":155,"column":62}},{"start":{"line":155,"column":65},"end":{"line":155,"column":67}}]},"16":{"loc":{"start":{"line":158,"column":13},"end":{"line":159,"column":null}},"type":"binary-expr","locations":[{"start":{"line":158,"column":13},"end":{"line":158,"column":27}},{"start":{"line":159,"column":14},"end":{"line":159,"column":79}}]}},"s":{"0":0,"1":0,"2":0,"3":0,"4":0,"5":0,"6":0,"7":0,"8":0,"9":0,"10":0,"11":0,"12":0,"13":0,"14":0,"15":0,"16":0,"17":0,"18":0,"19":0,"20":0},"f":{"0":0,"1":0,"2":0,"3":0,"4":0,"5":0,"6":0,"7":0,"8":0,"9":0},"b":{"0":[0,0],"1":[0,0],"2":[0,0],"3":[0,0],"4":[0,0],"5":[0,0],"6":[0,0],"7":[0,0],"8":[0,0],"9":[0,0],"10":[0,0],"11":[0,0],"12":[0,0],"13":[0,0],"14":[0,0],"15":[0,0],"16":[0,0]}}
,"C:\\Users\\daniy\\OneDrive\\Desktop\\MyWork\\Coffee Ordering App Latest\\components\\features\\CoffeeCustomization.tsx": {"path":"C:\\Users\\daniy\\OneDrive\\Desktop\\MyWork\\Coffee Ordering App Latest\\components\\features\\CoffeeCustomization.tsx","statementMap":{"0":{"start":{"line":1,"column":0},"end":{"line":1,"column":40}},"1":{"start":{"line":2,"column":0},"end":{"line":2,"column":43}},"2":{"start":{"line":3,"column":0},"end":{"line":3,"column":37}},"3":{"start":{"line":4,"column":0},"end":{"line":4,"column":92}},"4":{"start":{"line":5,"column":0},"end":{"line":5,"column":35}},"5":{"start":{"line":6,"column":0},"end":{"line":6,"column":56}},"6":{"start":{"line":14,"column":89},"end":{"line":124,"column":1}},"7":{"start":{"line":15,"column":44},"end":{"line":15,"column":64}},"8":{"start":{"line":17,"column":18},"end":{"line":19,"column":3}},"9":{"start":{"line":18,"column":4},"end":{"line":18,"column":51}},"10":{"start":{"line":21,"column":19},"end":{"line":31,"column":3}},"11":{"start":{"line":22,"column":26},"end":{"line":22,"column":78}},"12":{"start":{"line":22,"column":58},"end":{"line":22,"column":77}},"13":{"start":{"line":23,"column":4},"end":{"line":30,"column":5}},"14":{"start":{"line":24,"column":6},"end":{"line":24,"column":56}},"15":{"start":{"line":26,"column":6},"end":{"line":29,"column":9}},"16":{"start":{"line":33,"column":27},"end":{"line":47,"column":3}},"17":{"start":{"line":34,"column":4},"end":{"line":46,"column":5}},"18":{"start":{"line":35,"column":6},"end":{"line":38,"column":9}},"19":{"start":{"line":37,"column":50},"end":{"line":37,"column":69}},"20":{"start":{"line":40,"column":6},"end":{"line":45,"column":9}},"21":{"start":{"line":43,"column":10},"end":{"line":43,"column":51}},"22":{"start":{"line":49,"column":25},"end":{"line":53,"column":3}},"23":{"start":{"line":50,"column":4},"end":{"line":50,"column":31}},"24":{"start":{"line":50,"column":24},"end":{"line":50,"column":31}},"25":{"start":{"line":51,"column":4},"end":{"line":51,"column":28}},"26":{"start":{"line":52,"column":4},"end":{"line":52,"column":25}},"27":{"start":{"line":55,"column":2},"end":{"line":123,"column":4}},"28":{"start":{"line":66,"column":16},"end":{"line":66,"column":39}},"29":{"start":{"line":84,"column":18},"end":{"line":84,"column":42}},"30":{"start":{"line":96,"column":16},"end":{"line":96,"column":40}},"31":{"start":{"line":102,"column":37},"end":{"line":102,"column":84}},"32":{"start":{"line":110,"column":37},"end":{"line":110,"column":84}},"33":{"start":{"line":14,"column":13},"end":{"line":14,"column":89}}},"fnMap":{"0":{"name":"(anonymous_0)","decl":{"start":{"line":14,"column":89},"end":{"line":14,"column":90}},"loc":{"start":{"line":14,"column":131},"end":{"line":124,"column":1}}},"1":{"name":"(anonymous_1)","decl":{"start":{"line":17,"column":18},"end":{"line":17,"column":19}},"loc":{"start":{"line":17,"column":35},"end":{"line":19,"column":3}}},"2":{"name":"(anonymous_2)","decl":{"start":{"line":21,"column":19},"end":{"line":21,"column":20}},"loc":{"start":{"line":21,"column":38},"end":{"line":31,"column":3}}},"3":{"name":"(anonymous_3)","decl":{"start":{"line":22,"column":53},"end":{"line":22,"column":54}},"loc":{"start":{"line":22,"column":58},"end":{"line":22,"column":77}}},"4":{"name":"(anonymous_4)","decl":{"start":{"line":33,"column":27},"end":{"line":33,"column":28}},"loc":{"start":{"line":33,"column":61},"end":{"line":47,"column":3}}},"5":{"name":"(anonymous_5)","decl":{"start":{"line":37,"column":45},"end":{"line":37,"column":46}},"loc":{"start":{"line":37,"column":50},"end":{"line":37,"column":69}}},"6":{"name":"(anonymous_6)","decl":{"start":{"line":42,"column":42},"end":{"line":42,"column":43}},"loc":{"start":{"line":43,"column":10},"end":{"line":43,"column":51}}},"7":{"name":"(anonymous_7)","decl":{"start":{"line":49,"column":25},"end":{"line":49,"column":28}},"loc":{"start":{"line":49,"column":30},"end":{"line":53,"column":3}}},"8":{"name":"(anonymous_8)","decl":{"start":{"line":65,"column":31},"end":{"line":65,"column":35}},"loc":{"start":{"line":66,"column":16},"end":{"line":66,"column":39}}},"9":{"name":"(anonymous_9)","decl":{"start":{"line":83,"column":34},"end":{"line":83,"column":39}},"loc":{"start":{"line":84,"column":18},"end":{"line":84,"column":42}}},"10":{"name":"(anonymous_10)","decl":{"start":{"line":95,"column":41},"end":{"line":95,"column":46}},"loc":{"start":{"line":96,"column":16},"end":{"line":96,"column":40}}},"11":{"name":"(anonymous_11)","decl":{"start":{"line":102,"column":31},"end":{"line":102,"column":34}},"loc":{"start":{"line":102,"column":37},"end":{"line":102,"column":84}}},"12":{"name":"(anonymous_12)","decl":{"start":{"line":110,"column":31},"end":{"line":110,"column":34}},"loc":{"start":{"line":110,"column":37},"end":{"line":110,"column":84}}}},"branchMap":{"0":{"loc":{"start":{"line":23,"column":4},"end":{"line":30,"column":5}},"type":"if","locations":[{"start":{"line":23,"column":4},"end":{"line":30,"column":5}},{"start":{"line":25,"column":11},"end":{"line":30,"column":5}}]},"1":{"loc":{"start":{"line":34,"column":4},"end":{"line":46,"column":5}},"type":"if","locations":[{"start":{"line":34,"column":4},"end":{"line":46,"column":5}},{"start":{"line":39,"column":11},"end":{"line":46,"column":5}}]},"2":{"loc":{"start":{"line":43,"column":10},"end":{"line":43,"column":51}},"type":"cond-expr","locations":[{"start":{"line":43,"column":32},"end":{"line":43,"column":47}},{"start":{"line":43,"column":50},"end":{"line":43,"column":51}}]},"3":{"loc":{"start":{"line":50,"column":4},"end":{"line":50,"column":31}},"type":"if","locations":[{"start":{"line":50,"column":4},"end":{"line":50,"column":31}},{"start":{},"end":{}}]},"4":{"loc":{"start":{"line":93,"column":11},"end":{"line":117,"column":null}},"type":"binary-expr","locations":[{"start":{"line":93,"column":11},"end":{"line":93,"column":43}},{"start":{"line":94,"column":12},"end":{"line":116,"column":null}}]},"5":{"loc":{"start":{"line":106,"column":66},"end":{"line":106,"column":94}},"type":"cond-expr","locations":[{"start":{"line":106,"column":86},"end":{"line":106,"column":89}},{"start":{"line":106,"column":92},"end":{"line":106,"column":94}}]}},"s":{"0":0,"1":0,"2":0,"3":0,"4":0,"5":0,"6":0,"7":0,"8":0,"9":0,"10":0,"11":0,"12":0,"13":0,"14":0,"15":0,"16":0,"17":0,"18":0,"19":0,"20":0,"21":0,"22":0,"23":0,"24":0,"25":0,"26":0,"27":0,"28":0,"29":0,"30":0,"31":0,"32":0,"33":0},"f":{"0":0,"1":0,"2":0,"3":0,"4":0,"5":0,"6":0,"7":0,"8":0,"9":0,"10":0,"11":0,"12":0},"b":{"0":[0,0],"1":[0,0],"2":[0,0],"3":[0,0],"4":[0,0],"5":[0,0]}}
,"C:\\Users\\daniy\\OneDrive\\Desktop\\MyWork\\Coffee Ordering App Latest\\components\\features\\GroupManagement.tsx": {"path":"C:\\Users\\daniy\\OneDrive\\Desktop\\MyWork\\Coffee Ordering App Latest\\components\\features\\GroupManagement.tsx","statementMap":{"0":{"start":{"line":1,"column":0},"end":{"line":1,"column":62}},"1":{"start":{"line":2,"column":0},"end":{"line":2,"column":206}},"2":{"start":{"line":3,"column":0},"end":{"line":3,"column":170}},"3":{"start":{"line":5,"column":0},"end":{"line":5,"column":74}},"4":{"start":{"line":6,"column":0},"end":{"line":6,"column":68}},"5":{"start":{"line":7,"column":0},"end":{"line":7,"column":72}},"6":{"start":{"line":8,"column":0},"end":{"line":8,"column":48}},"7":{"start":{"line":9,"column":0},"end":{"line":9,"column":60}},"8":{"start":{"line":10,"column":0},"end":{"line":10,"column":69}},"9":{"start":{"line":11,"column":0},"end":{"line":11,"column":92}},"10":{"start":{"line":12,"column":0},"end":{"line":12,"column":56}},"11":{"start":{"line":13,"column":0},"end":{"line":13,"column":62}},"12":{"start":{"line":14,"column":0},"end":{"line":14,"column":37}},"13":{"start":{"line":15,"column":0},"end":{"line":15,"column":35}},"14":{"start":{"line":16,"column":0},"end":{"line":16,"column":69}},"15":{"start":{"line":18,"column":41},"end":{"line":326,"column":1}},"16":{"start":{"line":29,"column":6},"end":{"line":29,"column":22}},"17":{"start":{"line":31,"column":29},"end":{"line":31,"column":48}},"18":{"start":{"line":33,"column":29},"end":{"line":36,"column":36}},"19":{"start":{"line":34,"column":4},"end":{"line":34,"column":19}},"20":{"start":{"line":35,"column":4},"end":{"line":35,"column":21}},"21":{"start":{"line":38,"column":52},"end":{"line":38,"column":67}},"22":{"start":{"line":39,"column":48},"end":{"line":39,"column":63}},"23":{"start":{"line":40,"column":54},"end":{"line":40,"column":69}},"24":{"start":{"line":41,"column":46},"end":{"line":41,"column":80}},"25":{"start":{"line":42,"column":46},"end":{"line":42,"column":75}},"26":{"start":{"line":43,"column":44},"end":{"line":43,"column":56}},"27":{"start":{"line":45,"column":22},"end":{"line":45,"column":71}},"28":{"start":{"line":45,"column":48},"end":{"line":45,"column":70}},"29":{"start":{"line":47,"column":28},"end":{"line":50,"column":19}},"30":{"start":{"line":48,"column":4},"end":{"line":48,"column":27}},"31":{"start":{"line":49,"column":4},"end":{"line":49,"column":32}},"32":{"start":{"line":52,"column":28},"end":{"line":58,"column":34}},"33":{"start":{"line":53,"column":4},"end":{"line":57,"column":5}},"34":{"start":{"line":54,"column":6},"end":{"line":54,"column":49}},"35":{"start":{"line":55,"column":6},"end":{"line":55,"column":30}},"36":{"start":{"line":56,"column":6},"end":{"line":56,"column":27}},"37":{"start":{"line":60,"column":26},"end":{"line":65,"column":37}},"38":{"start":{"line":61,"column":4},"end":{"line":64,"column":5}},"39":{"start":{"line":62,"column":6},"end":{"line":62,"column":44}},"40":{"start":{"line":63,"column":6},"end":{"line":63,"column":32}},"41":{"start":{"line":67,"column":28},"end":{"line":70,"column":8}},"42":{"start":{"line":68,"column":4},"end":{"line":68,"column":32}},"43":{"start":{"line":69,"column":4},"end":{"line":69,"column":33}},"44":{"start":{"line":72,"column":24},"end":{"line":75,"column":8}},"45":{"start":{"line":73,"column":4},"end":{"line":73,"column":28}},"46":{"start":{"line":74,"column":4},"end":{"line":74,"column":25}},"47":{"start":{"line":78,"column":21},"end":{"line":93,"column":14}},"48":{"start":{"line":79,"column":22},"end":{"line":79,"column":81}},"49":{"start":{"line":81,"column":4},"end":{"line":90,"column":7}},"50":{"start":{"line":82,"column":6},"end":{"line":89,"column":9}},"51":{"start":{"line":83,"column":20},"end":{"line":83,"column":79}},"52":{"start":{"line":84,"column":8},"end":{"line":88,"column":9}},"53":{"start":{"line":85,"column":10},"end":{"line":85,"column":49}},"54":{"start":{"line":87,"column":10},"end":{"line":87,"column":58}},"55":{"start":{"line":92,"column":4},"end":{"line":92,"column":42}},"56":{"start":{"line":95,"column":33},"end":{"line":98,"column":8}},"57":{"start":{"line":96,"column":4},"end":{"line":96,"column":30}},"58":{"start":{"line":97,"column":4},"end":{"line":97,"column":32}},"59":{"start":{"line":100,"column":34},"end":{"line":103,"column":8}},"60":{"start":{"line":101,"column":4},"end":{"line":101,"column":28}},"61":{"start":{"line":102,"column":4},"end":{"line":102,"column":33}},"62":{"start":{"line":105,"column":34},"end":{"line":113,"column":57}},"63":{"start":{"line":106,"column":4},"end":{"line":106,"column":32}},"64":{"start":{"line":106,"column":25},"end":{"line":106,"column":32}},"65":{"start":{"line":108,"column":4},"end":{"line":112,"column":5}},"66":{"start":{"line":109,"column":6},"end":{"line":109,"column":54}},"67":{"start":{"line":111,"column":6},"end":{"line":111,"column":46}},"68":{"start":{"line":115,"column":2},"end":{"line":325,"column":4}},"69":{"start":{"line":170,"column":35},"end":{"line":170,"column":61}},"70":{"start":{"line":187,"column":24},"end":{"line":188,"column":null}},"71":{"start":{"line":206,"column":22},"end":{"line":207,"column":null}},"72":{"start":{"line":217,"column":86},"end":{"line":217,"column":118}},"73":{"start":{"line":219,"column":34},"end":{"line":219,"column":85}},"74":{"start":{"line":219,"column":57},"end":{"line":219,"column":85}},"75":{"start":{"line":220,"column":34},"end":{"line":220,"column":74}},"76":{"start":{"line":220,"column":58},"end":{"line":220,"column":74}},"77":{"start":{"line":227,"column":47},"end":{"line":227,"column":74}},"78":{"start":{"line":261,"column":45},"end":{"line":261,"column":69}},"79":{"start":{"line":269,"column":43},"end":{"line":269,"column":64}},"80":{"start":{"line":285,"column":37},"end":{"line":285,"column":61}},"81":{"start":{"line":286,"column":50},"end":{"line":286,"column":95}},"82":{"start":{"line":304,"column":23},"end":{"line":304,"column":50}},"83":{"start":{"line":311,"column":23},"end":{"line":311,"column":48}},"84":{"start":{"line":313,"column":56},"end":{"line":313,"column":62}},"85":{"start":{"line":18,"column":13},"end":{"line":18,"column":41}}},"fnMap":{"0":{"name":"(anonymous_0)","decl":{"start":{"line":18,"column":41},"end":{"line":18,"column":44}},"loc":{"start":{"line":18,"column":46},"end":{"line":326,"column":1}}},"1":{"name":"(anonymous_1)","decl":{"start":{"line":33,"column":41},"end":{"line":33,"column":44}},"loc":{"start":{"line":33,"column":46},"end":{"line":36,"column":3}}},"2":{"name":"(anonymous_2)","decl":{"start":{"line":45,"column":34},"end":{"line":45,"column":35}},"loc":{"start":{"line":45,"column":48},"end":{"line":45,"column":70}}},"3":{"name":"(anonymous_3)","decl":{"start":{"line":47,"column":40},"end":{"line":47,"column":41}},"loc":{"start":{"line":47,"column":62},"end":{"line":50,"column":3}}},"4":{"name":"(anonymous_4)","decl":{"start":{"line":52,"column":40},"end":{"line":52,"column":41}},"loc":{"start":{"line":52,"column":60},"end":{"line":58,"column":3}}},"5":{"name":"(anonymous_5)","decl":{"start":{"line":60,"column":38},"end":{"line":60,"column":39}},"loc":{"start":{"line":60,"column":62},"end":{"line":65,"column":3}}},"6":{"name":"(anonymous_6)","decl":{"start":{"line":67,"column":40},"end":{"line":67,"column":41}},"loc":{"start":{"line":67,"column":57},"end":{"line":70,"column":3}}},"7":{"name":"(anonymous_7)","decl":{"start":{"line":72,"column":36},"end":{"line":72,"column":39}},"loc":{"start":{"line":72,"column":41},"end":{"line":75,"column":3}}},"8":{"name":"(anonymous_8)","decl":{"start":{"line":78,"column":29},"end":{"line":78,"column":32}},"loc":{"start":{"line":78,"column":34},"end":{"line":93,"column":3}}},"9":{"name":"(anonymous_9)","decl":{"start":{"line":81,"column":19},"end":{"line":81,"column":20}},"loc":{"start":{"line":81,"column":36},"end":{"line":90,"column":5}}},"10":{"name":"(anonymous_10)","decl":{"start":{"line":82,"column":28},"end":{"line":82,"column":29}},"loc":{"start":{"line":82,"column":52},"end":{"line":89,"column":7}}},"11":{"name":"(anonymous_11)","decl":{"start":{"line":95,"column":45},"end":{"line":95,"column":46}},"loc":{"start":{"line":95,"column":69},"end":{"line":98,"column":3}}},"12":{"name":"(anonymous_12)","decl":{"start":{"line":100,"column":46},"end":{"line":100,"column":49}},"loc":{"start":{"line":100,"column":51},"end":{"line":103,"column":3}}},"13":{"name":"(anonymous_13)","decl":{"start":{"line":105,"column":46},"end":{"line":105,"column":47}},"loc":{"start":{"line":105,"column":85},"end":{"line":113,"column":3}}},"14":{"name":"(anonymous_14)","decl":{"start":{"line":170,"column":29},"end":{"line":170,"column":32}},"loc":{"start":{"line":170,"column":35},"end":{"line":170,"column":61}}},"15":{"name":"(anonymous_15)","decl":{"start":{"line":186,"column":34},"end":{"line":186,"column":39}},"loc":{"start":{"line":187,"column":24},"end":{"line":188,"column":null}}},"16":{"name":"(anonymous_16)","decl":{"start":{"line":205,"column":32},"end":{"line":205,"column":33}},"loc":{"start":{"line":206,"column":22},"end":{"line":207,"column":null}}},"17":{"name":"(anonymous_17)","decl":{"start":{"line":217,"column":42},"end":{"line":217,"column":43}},"loc":{"start":{"line":217,"column":86},"end":{"line":217,"column":118}}},"18":{"name":"(anonymous_18)","decl":{"start":{"line":218,"column":43},"end":{"line":218,"column":44}},"loc":{"start":{"line":218,"column":88},"end":{"line":221,"column":33}}},"19":{"name":"(anonymous_19)","decl":{"start":{"line":227,"column":41},"end":{"line":227,"column":44}},"loc":{"start":{"line":227,"column":47},"end":{"line":227,"column":74}}},"20":{"name":"(anonymous_20)","decl":{"start":{"line":261,"column":39},"end":{"line":261,"column":42}},"loc":{"start":{"line":261,"column":45},"end":{"line":261,"column":69}}},"21":{"name":"(anonymous_21)","decl":{"start":{"line":269,"column":37},"end":{"line":269,"column":40}},"loc":{"start":{"line":269,"column":43},"end":{"line":269,"column":64}}},"22":{"name":"(anonymous_22)","decl":{"start":{"line":285,"column":31},"end":{"line":285,"column":34}},"loc":{"start":{"line":285,"column":37},"end":{"line":285,"column":61}}},"23":{"name":"(anonymous_23)","decl":{"start":{"line":286,"column":34},"end":{"line":286,"column":35}},"loc":{"start":{"line":286,"column":50},"end":{"line":286,"column":95}}},"24":{"name":"(anonymous_24)","decl":{"start":{"line":304,"column":17},"end":{"line":304,"column":20}},"loc":{"start":{"line":304,"column":23},"end":{"line":304,"column":50}}},"25":{"name":"(anonymous_25)","decl":{"start":{"line":311,"column":17},"end":{"line":311,"column":20}},"loc":{"start":{"line":311,"column":23},"end":{"line":311,"column":48}}},"26":{"name":"(anonymous_26)","decl":{"start":{"line":313,"column":40},"end":{"line":313,"column":41}},"loc":{"start":{"line":313,"column":56},"end":{"line":313,"column":62}}}},"branchMap":{"0":{"loc":{"start":{"line":53,"column":4},"end":{"line":57,"column":5}},"type":"if","locations":[{"start":{"line":53,"column":4},"end":{"line":57,"column":5}},{"start":{},"end":{}}]},"1":{"loc":{"start":{"line":61,"column":4},"end":{"line":64,"column":5}},"type":"if","locations":[{"start":{"line":61,"column":4},"end":{"line":64,"column":5}},{"start":{},"end":{}}]},"2":{"loc":{"start":{"line":84,"column":8},"end":{"line":88,"column":9}},"type":"if","locations":[{"start":{"line":84,"column":8},"end":{"line":88,"column":9}},{"start":{"line":86,"column":15},"end":{"line":88,"column":9}}]},"3":{"loc":{"start":{"line":106,"column":4},"end":{"line":106,"column":32}},"type":"if","locations":[{"start":{"line":106,"column":4},"end":{"line":106,"column":32}},{"start":{},"end":{}}]},"4":{"loc":{"start":{"line":108,"column":4},"end":{"line":112,"column":5}},"type":"if","locations":[{"start":{"line":108,"column":4},"end":{"line":112,"column":5}},{"start":{"line":110,"column":11},"end":{"line":112,"column":5}}]},"5":{"loc":{"start":{"line":179,"column":27},"end":{"line":179,"column":48}},"type":"binary-expr","locations":[{"start":{"line":179,"column":27},"end":{"line":179,"column":42}},{"start":{"line":179,"column":46},"end":{"line":179,"column":48}}]},"6":{"loc":{"start":{"line":201,"column":15},"end":{"line":278,"column":null}},"type":"binary-expr","locations":[{"start":{"line":201,"column":15},"end":{"line":201,"column":32}},{"start":{"line":202,"column":16},"end":{"line":277,"column":null}}]},"7":{"loc":{"start":{"line":209,"column":26},"end":{"line":209,"column":null}},"type":"cond-expr","locations":[{"start":{"line":209,"column":55},"end":{"line":209,"column":88}},{"start":{"line":209,"column":91},"end":{"line":209,"column":null}}]},"8":{"loc":{"start":{"line":213,"column":27},"end":{"line":253,"column":null}},"type":"cond-expr","locations":[{"start":{"line":214,"column":28},"end":{"line":238,"column":null}},{"start":{"line":241,"column":28},"end":{"line":252,"column":null}}]},"9":{"loc":{"start":{"line":219,"column":34},"end":{"line":219,"column":85}},"type":"if","locations":[{"start":{"line":219,"column":34},"end":{"line":219,"column":85}},{"start":{},"end":{}}]},"10":{"loc":{"start":{"line":220,"column":34},"end":{"line":220,"column":74}},"type":"if","locations":[{"start":{"line":220,"column":34},"end":{"line":220,"column":74}},{"start":{},"end":{}}]},"11":{"loc":{"start":{"line":242,"column":47},"end":{"line":242,"column":95}},"type":"cond-expr","locations":[{"start":{"line":242,"column":76},"end":{"line":242,"column":90}},{"start":{"line":242,"column":93},"end":{"line":242,"column":95}}]},"12":{"loc":{"start":{"line":246,"column":62},"end":{"line":246,"column":99}},"type":"cond-expr","locations":[{"start":{"line":246,"column":91},"end":{"line":246,"column":94}},{"start":{"line":246,"column":97},"end":{"line":246,"column":99}}]},"13":{"loc":{"start":{"line":248,"column":31},"end":{"line":251,"column":null}},"type":"binary-expr","locations":[{"start":{"line":248,"column":31},"end":{"line":248,"column":41}},{"start":{"line":248,"column":45},"end":{"line":248,"column":66}},{"start":{"line":249,"column":32},"end":{"line":250,"column":null}}]},"14":{"loc":{"start":{"line":250,"column":59},"end":{"line":250,"column":93}},"type":"cond-expr","locations":[{"start":{"line":250,"column":85},"end":{"line":250,"column":88}},{"start":{"line":250,"column":91},"end":{"line":250,"column":93}}]},"15":{"loc":{"start":{"line":257,"column":27},"end":{"line":264,"column":null}},"type":"binary-expr","locations":[{"start":{"line":257,"column":27},"end":{"line":257,"column":52}},{"start":{"line":258,"column":28},"end":{"line":263,"column":null}}]},"16":{"loc":{"start":{"line":282,"column":15},"end":{"line":287,"column":null}},"type":"binary-expr","locations":[{"start":{"line":282,"column":15},"end":{"line":282,"column":26}},{"start":{"line":283,"column":16},"end":{"line":286,"column":null}}]}},"s":{"0":0,"1":0,"2":0,"3":0,"4":0,"5":0,"6":0,"7":0,"8":0,"9":0,"10":0,"11":0,"12":0,"13":0,"14":0,"15":0,"16":0,"17":0,"18":0,"19":0,"20":0,"21":0,"22":0,"23":0,"24":0,"25":0,"26":0,"27":0,"28":0,"29":0,"30":0,"31":0,"32":0,"33":0,"34":0,"35":0,"36":0,"37":0,"38":0,"39":0,"40":0,"41":0,"42":0,"43":0,"44":0,"45":0,"46":0,"47":0,"48":0,"49":0,"50":0,"51":0,"52":0,"53":0,"54":0,"55":0,"56":0,"57":0,"58":0,"59":0,"60":0,"61":0,"62":0,"63":0,"64":0,"65":0,"66":0,"67":0,"68":0,"69":0,"70":0,"71":0,"72":0,"73":0,"74":0,"75":0,"76":0,"77":0,"78":0,"79":0,"80":0,"81":0,"82":0,"83":0,"84":0,"85":0},"f":{"0":0,"1":0,"2":0,"3":0,"4":0,"5":0,"6":0,"7":0,"8":0,"9":0,"10":0,"11":0,"12":0,"13":0,"14":0,"15":0,"16":0,"17":0,"18":0,"19":0,"20":0,"21":0,"22":0,"23":0,"24":0,"25":0,"26":0},"b":{"0":[0,0],"1":[0,0],"2":[0,0],"3":[0,0],"4":[0,0],"5":[0,0],"6":[0,0],"7":[0,0],"8":[0,0],"9":[0,0],"10":[0,0],"11":[0,0],"12":[0,0],"13":[0,0,0],"14":[0,0],"15":[0,0],"16":[0,0]}}
,"C:\\Users\\daniy\\OneDrive\\Desktop\\MyWork\\Coffee Ordering App Latest\\components\\features\\GroupMemberAssignment.tsx": {"path":"C:\\Users\\daniy\\OneDrive\\Desktop\\MyWork\\Coffee Ordering App Latest\\components\\features\\GroupMemberAssignment.tsx","statementMap":{"0":{"start":{"line":1,"column":0},"end":{"line":1,"column":26}},"1":{"start":{"line":2,"column":0},"end":{"line":2,"column":51}},"2":{"start":{"line":3,"column":0},"end":{"line":3,"column":92}},"3":{"start":{"line":4,"column":0},"end":{"line":4,"column":35}},"4":{"start":{"line":5,"column":0},"end":{"line":5,"column":35}},"5":{"start":{"line":7,"column":0},"end":{"line":7,"column":86}},"6":{"start":{"line":8,"column":0},"end":{"line":8,"column":56}},"7":{"start":{"line":15,"column":75},"end":{"line":129,"column":1}},"8":{"start":{"line":19,"column":22},"end":{"line":19,"column":69}},"9":{"start":{"line":19,"column":46},"end":{"line":19,"column":68}},"10":{"start":{"line":26,"column":6},"end":{"line":26,"column":37}},"11":{"start":{"line":28,"column":2},"end":{"line":30,"column":3}},"12":{"start":{"line":29,"column":4},"end":{"line":29,"column":16}},"13":{"start":{"line":34,"column":24},"end":{"line":34,"column":76}},"14":{"start":{"line":36,"column":2},"end":{"line":128,"column":4}},"15":{"start":{"line":50,"column":40},"end":{"line":50,"column":94}},"16":{"start":{"line":58,"column":38},"end":{"line":58,"column":80}},"17":{"start":{"line":60,"column":18},"end":{"line":80,"column":20}},"18":{"start":{"line":88,"column":35},"end":{"line":88,"column":91}},"19":{"start":{"line":88,"column":65},"end":{"line":88,"column":90}},"20":{"start":{"line":89,"column":32},"end":{"line":89,"column":100}},"21":{"start":{"line":91,"column":12},"end":{"line":107,"column":13}},"22":{"start":{"line":92,"column":43},"end":{"line":92,"column":97}},"23":{"start":{"line":94,"column":14},"end":{"line":106,"column":16}},"24":{"start":{"line":108,"column":12},"end":{"line":108,"column":24}},"25":{"start":{"line":15,"column":13},"end":{"line":15,"column":75}}},"fnMap":{"0":{"name":"(anonymous_0)","decl":{"start":{"line":15,"column":75},"end":{"line":15,"column":76}},"loc":{"start":{"line":18,"column":5},"end":{"line":129,"column":1}}},"1":{"name":"(anonymous_1)","decl":{"start":{"line":19,"column":37},"end":{"line":19,"column":42}},"loc":{"start":{"line":19,"column":46},"end":{"line":19,"column":68}}},"2":{"name":"(anonymous_2)","decl":{"start":{"line":50,"column":29},"end":{"line":50,"column":30}},"loc":{"start":{"line":50,"column":40},"end":{"line":50,"column":94}}},"3":{"name":"(anonymous_3)","decl":{"start":{"line":57,"column":35},"end":{"line":57,"column":36}},"loc":{"start":{"line":57,"column":46},"end":{"line":81,"column":17}}},"4":{"name":"(anonymous_4)","decl":{"start":{"line":87,"column":65},"end":{"line":87,"column":68}},"loc":{"start":{"line":87,"column":70},"end":{"line":109,"column":11}}},"5":{"name":"(anonymous_5)","decl":{"start":{"line":88,"column":60},"end":{"line":88,"column":61}},"loc":{"start":{"line":88,"column":65},"end":{"line":88,"column":90}}}},"branchMap":{"0":{"loc":{"start":{"line":16,"column":2},"end":{"line":16,"column":20}},"type":"default-arg","locations":[{"start":{"line":16,"column":18},"end":{"line":16,"column":20}}]},"1":{"loc":{"start":{"line":17,"column":2},"end":{"line":17,"column":16}},"type":"default-arg","locations":[{"start":{"line":17,"column":14},"end":{"line":17,"column":16}}]},"2":{"loc":{"start":{"line":28,"column":2},"end":{"line":30,"column":3}},"type":"if","locations":[{"start":{"line":28,"column":2},"end":{"line":30,"column":3}},{"start":{},"end":{}}]},"3":{"loc":{"start":{"line":28,"column":6},"end":{"line":28,"column":54}},"type":"binary-expr","locations":[{"start":{"line":28,"column":6},"end":{"line":28,"column":18}},{"start":{"line":28,"column":22},"end":{"line":28,"column":54}}]},"4":{"loc":{"start":{"line":49,"column":21},"end":{"line":49,"column":51}},"type":"binary-expr","locations":[{"start":{"line":49,"column":21},"end":{"line":49,"column":35}},{"start":{"line":49,"column":39},"end":{"line":49,"column":51}}]},"5":{"loc":{"start":{"line":50,"column":58},"end":{"line":50,"column":93}},"type":"cond-expr","locations":[{"start":{"line":50,"column":83},"end":{"line":50,"column":85}},{"start":{"line":50,"column":88},"end":{"line":50,"column":93}}]},"6":{"loc":{"start":{"line":64,"column":33},"end":{"line":64,"column":70}},"type":"cond-expr","locations":[{"start":{"line":64,"column":47},"end":{"line":64,"column":65}},{"start":{"line":64,"column":68},"end":{"line":64,"column":70}}]},"7":{"loc":{"start":{"line":67,"column":41},"end":{"line":67,"column":78}},"type":"cond-expr","locations":[{"start":{"line":67,"column":55},"end":{"line":67,"column":73}},{"start":{"line":67,"column":76},"end":{"line":67,"column":78}}]},"8":{"loc":{"start":{"line":70,"column":25},"end":{"line":71,"column":null}},"type":"binary-expr","locations":[{"start":{"line":70,"column":25},"end":{"line":70,"column":36}},{"start":{"line":71,"column":26},"end":{"line":71,"column":94}}]},"9":{"loc":{"start":{"line":74,"column":23},"end":{"line":77,"column":null}},"type":"binary-expr","locations":[{"start":{"line":74,"column":23},"end":{"line":74,"column":39}},{"start":{"line":74,"column":43},"end":{"line":74,"column":70}},{"start":{"line":75,"column":24},"end":{"line":76,"column":null}}]},"10":{"loc":{"start":{"line":87,"column":11},"end":{"line":109,"column":14}},"type":"binary-expr","locations":[{"start":{"line":87,"column":11},"end":{"line":87,"column":25}},{"start":{"line":87,"column":29},"end":{"line":87,"column":60}},{"start":{"line":87,"column":64},"end":{"line":109,"column":14}}]},"11":{"loc":{"start":{"line":89,"column":32},"end":{"line":89,"column":100}},"type":"binary-expr","locations":[{"start":{"line":89,"column":32},"end":{"line":89,"column":46}},{"start":{"line":89,"column":50},"end":{"line":89,"column":100}}]},"12":{"loc":{"start":{"line":91,"column":12},"end":{"line":107,"column":13}},"type":"if","locations":[{"start":{"line":91,"column":12},"end":{"line":107,"column":13}},{"start":{},"end":{}}]},"13":{"loc":{"start":{"line":91,"column":16},"end":{"line":91,"column":45}},"type":"binary-expr","locations":[{"start":{"line":91,"column":16},"end":{"line":91,"column":27}},{"start":{"line":91,"column":31},"end":{"line":91,"column":45}}]},"14":{"loc":{"start":{"line":113,"column":13},"end":{"line":121,"column":null}},"type":"cond-expr","locations":[{"start":{"line":114,"column":14},"end":{"line":118,"column":null}},{"start":{"line":121,"column":14},"end":{"line":121,"column":75}}]},"15":{"loc":{"start":{"line":113,"column":13},"end":{"line":113,"column":62}},"type":"binary-expr","locations":[{"start":{"line":113,"column":13},"end":{"line":113,"column":27}},{"start":{"line":113,"column":31},"end":{"line":113,"column":62}}]}},"s":{"0":0,"1":0,"2":0,"3":0,"4":0,"5":0,"6":0,"7":0,"8":0,"9":0,"10":0,"11":0,"12":0,"13":0,"14":0,"15":0,"16":0,"17":0,"18":0,"19":0,"20":0,"21":0,"22":0,"23":0,"24":0,"25":0},"f":{"0":0,"1":0,"2":0,"3":0,"4":0,"5":0},"b":{"0":[0],"1":[0],"2":[0,0],"3":[0,0],"4":[0,0],"5":[0,0],"6":[0,0],"7":[0,0],"8":[0,0],"9":[0,0,0],"10":[0,0,0],"11":[0,0],"12":[0,0],"13":[0,0],"14":[0,0],"15":[0,0]}}
,"C:\\Users\\daniy\\OneDrive\\Desktop\\MyWork\\Coffee Ordering App Latest\\components\\features\\GroupMembersSection.tsx": {"path":"C:\\Users\\daniy\\OneDrive\\Desktop\\MyWork\\Coffee Ordering App Latest\\components\\features\\GroupMembersSection.tsx","statementMap":{"0":{"start":{"line":1,"column":0},"end":{"line":1,"column":26}},"1":{"start":{"line":2,"column":0},"end":{"line":2,"column":63}},"2":{"start":{"line":3,"column":0},"end":{"line":3,"column":37}},"3":{"start":{"line":4,"column":0},"end":{"line":4,"column":43}},"4":{"start":{"line":13,"column":71},"end":{"line":91,"column":1}},"5":{"start":{"line":18,"column":2},"end":{"line":90,"column":4}},"6":{"start":{"line":22,"column":37},"end":{"line":22,"column":74}},"7":{"start":{"line":50,"column":14},"end":{"line":50,"column":51}},"8":{"start":{"line":64,"column":26},"end":{"line":64,"column":69}},"9":{"start":{"line":79,"column":33},"end":{"line":79,"column":76}},"10":{"start":{"line":13,"column":13},"end":{"line":13,"column":71}}},"fnMap":{"0":{"name":"(anonymous_0)","decl":{"start":{"line":13,"column":71},"end":{"line":13,"column":72}},"loc":{"start":{"line":17,"column":5},"end":{"line":91,"column":1}}},"1":{"name":"(anonymous_1)","decl":{"start":{"line":22,"column":32},"end":{"line":22,"column":33}},"loc":{"start":{"line":22,"column":37},"end":{"line":22,"column":74}}},"2":{"name":"(anonymous_2)","decl":{"start":{"line":49,"column":37},"end":{"line":49,"column":38}},"loc":{"start":{"line":50,"column":14},"end":{"line":50,"column":51}}},"3":{"name":"(anonymous_3)","decl":{"start":{"line":63,"column":46},"end":{"line":63,"column":47}},"loc":{"start":{"line":64,"column":26},"end":{"line":64,"column":69}}},"4":{"name":"(anonymous_4)","decl":{"start":{"line":79,"column":27},"end":{"line":79,"column":30}},"loc":{"start":{"line":79,"column":33},"end":{"line":79,"column":76}}}},"branchMap":{"0":{"loc":{"start":{"line":22,"column":7},"end":{"line":28,"column":null}},"type":"binary-expr","locations":[{"start":{"line":22,"column":7},"end":{"line":22,"column":75}},{"start":{"line":23,"column":8},"end":{"line":27,"column":null}}]},"1":{"loc":{"start":{"line":22,"column":37},"end":{"line":22,"column":74}},"type":"binary-expr","locations":[{"start":{"line":22,"column":37},"end":{"line":22,"column":48}},{"start":{"line":22,"column":52},"end":{"line":22,"column":74}}]},"2":{"loc":{"start":{"line":43,"column":9},"end":{"line":86,"column":null}},"type":"cond-expr","locations":[{"start":{"line":44,"column":10},"end":{"line":44,"column":null}},{"start":{"line":48,"column":10},"end":{"line":85,"column":null}}]},"3":{"loc":{"start":{"line":54,"column":21},"end":{"line":55,"column":null}},"type":"binary-expr","locations":[{"start":{"line":54,"column":21},"end":{"line":54,"column":37}},{"start":{"line":54,"column":41},"end":{"line":54,"column":68}},{"start":{"line":55,"column":22},"end":{"line":55,"column":76}}]},"4":{"loc":{"start":{"line":59,"column":19},"end":{"line":72,"column":null}},"type":"cond-expr","locations":[{"start":{"line":60,"column":20},"end":{"line":69,"column":null}},{"start":{"line":72,"column":20},"end":{"line":72,"column":87}}]},"5":{"loc":{"start":{"line":59,"column":19},"end":{"line":59,"column":66}},"type":"binary-expr","locations":[{"start":{"line":59,"column":19},"end":{"line":59,"column":35}},{"start":{"line":59,"column":39},"end":{"line":59,"column":66}}]}},"s":{"0":0,"1":0,"2":0,"3":0,"4":0,"5":0,"6":0,"7":0,"8":0,"9":0,"10":0},"f":{"0":0,"1":0,"2":0,"3":0,"4":0},"b":{"0":[0,0],"1":[0,0],"2":[0,0],"3":[0,0,0],"4":[0,0],"5":[0,0]}}
,"C:\\Users\\daniy\\OneDrive\\Desktop\\MyWork\\Coffee Ordering App Latest\\components\\features\\GroupOrderContent.tsx": {"path":"C:\\Users\\daniy\\OneDrive\\Desktop\\MyWork\\Coffee Ordering App Latest\\components\\features\\GroupOrderContent.tsx","statementMap":{"0":{"start":{"line":1,"column":0},"end":{"line":1,"column":26}},"1":{"start":{"line":2,"column":0},"end":{"line":2,"column":58}},"2":{"start":{"line":3,"column":0},"end":{"line":3,"column":35}},"3":{"start":{"line":4,"column":0},"end":{"line":4,"column":43}},"4":{"start":{"line":5,"column":0},"end":{"line":5,"column":73}},"5":{"start":{"line":7,"column":0},"end":{"line":7,"column":60}},"6":{"start":{"line":8,"column":0},"end":{"line":8,"column":56}},"7":{"start":{"line":10,"column":43},"end":{"line":243,"column":1}},"8":{"start":{"line":11,"column":22},"end":{"line":11,"column":69}},"9":{"start":{"line":11,"column":46},"end":{"line":11,"column":68}},"10":{"start":{"line":12,"column":20},"end":{"line":12,"column":43}},"11":{"start":{"line":14,"column":2},"end":{"line":14,"column":32}},"12":{"start":{"line":14,"column":20},"end":{"line":14,"column":32}},"13":{"start":{"line":16,"column":38},"end":{"line":19,"column":4}},"14":{"start":{"line":22,"column":28},"end":{"line":26,"column":3}},"15":{"start":{"line":23,"column":4},"end":{"line":23,"column":48}},"16":{"start":{"line":23,"column":25},"end":{"line":23,"column":48}},"17":{"start":{"line":24,"column":4},"end":{"line":24,"column":63}},"18":{"start":{"line":24,"column":35},"end":{"line":24,"column":63}},"19":{"start":{"line":25,"column":4},"end":{"line":25,"column":21}},"20":{"start":{"line":29,"column":29},"end":{"line":43,"column":3}},"21":{"start":{"line":30,"column":20},"end":{"line":30,"column":35}},"22":{"start":{"line":32,"column":4},"end":{"line":40,"column":5}},"23":{"start":{"line":33,"column":29},"end":{"line":33,"column":55}},"24":{"start":{"line":34,"column":6},"end":{"line":39,"column":7}},"25":{"start":{"line":35,"column":26},"end":{"line":36,"column":null}},"26":{"start":{"line":36,"column":10},"end":{"line":36,"column":37}},"27":{"start":{"line":38,"column":8},"end":{"line":38,"column":31}},"28":{"start":{"line":42,"column":4},"end":{"line":42,"column":21}},"29":{"start":{"line":46,"column":23},"end":{"line":48,"column":31}},"30":{"start":{"line":47,"column":4},"end":{"line":47,"column":57}},"31":{"start":{"line":51,"column":23},"end":{"line":62,"column":20}},"32":{"start":{"line":52,"column":46},"end":{"line":52,"column":48}},"33":{"start":{"line":54,"column":4},"end":{"line":59,"column":7}},"34":{"start":{"line":55,"column":6},"end":{"line":58,"column":12}},"35":{"start":{"line":56,"column":26},"end":{"line":56,"column":50}},"36":{"start":{"line":57,"column":8},"end":{"line":57,"column":51}},"37":{"start":{"line":61,"column":4},"end":{"line":61,"column":18}},"38":{"start":{"line":65,"column":37},"end":{"line":80,"column":3}},"39":{"start":{"line":66,"column":19},"end":{"line":66,"column":60}},"40":{"start":{"line":66,"column":42},"end":{"line":66,"column":59}},"41":{"start":{"line":67,"column":4},"end":{"line":67,"column":27}},"42":{"start":{"line":67,"column":17},"end":{"line":67,"column":27}},"43":{"start":{"line":69,"column":22},"end":{"line":69,"column":39}},"44":{"start":{"line":70,"column":4},"end":{"line":77,"column":7}},"45":{"start":{"line":71,"column":28},"end":{"line":71,"column":53}},"46":{"start":{"line":72,"column":6},"end":{"line":76,"column":9}},"47":{"start":{"line":73,"column":8},"end":{"line":75,"column":9}},"48":{"start":{"line":74,"column":10},"end":{"line":74,"column":34}},"49":{"start":{"line":79,"column":4},"end":{"line":79,"column":33}},"50":{"start":{"line":83,"column":31},"end":{"line":108,"column":3}},"51":{"start":{"line":84,"column":4},"end":{"line":107,"column":5}},"52":{"start":{"line":85,"column":29},"end":{"line":85,"column":55}},"53":{"start":{"line":86,"column":20},"end":{"line":86,"column":22}},"54":{"start":{"line":88,"column":6},"end":{"line":90,"column":7}},"55":{"start":{"line":89,"column":8},"end":{"line":89,"column":52}},"56":{"start":{"line":92,"column":6},"end":{"line":97,"column":7}},"57":{"start":{"line":93,"column":8},"end":{"line":96,"column":11}},"58":{"start":{"line":94,"column":28},"end":{"line":94,"column":46}},"59":{"start":{"line":95,"column":10},"end":{"line":95,"column":121}},"60":{"start":{"line":99,"column":6},"end":{"line":99,"column":54}},"61":{"start":{"line":101,"column":29},"end":{"line":101,"column":55}},"62":{"start":{"line":102,"column":6},"end":{"line":105,"column":7}},"63":{"start":{"line":103,"column":22},"end":{"line":103,"column":105}},"64":{"start":{"line":103,"column":84},"end":{"line":103,"column":104}},"65":{"start":{"line":104,"column":8},"end":{"line":104,"column":32}},"66":{"start":{"line":106,"column":6},"end":{"line":106,"column":16}},"67":{"start":{"line":110,"column":21},"end":{"line":110,"column":87}},"68":{"start":{"line":110,"column":72},"end":{"line":110,"column":83}},"69":{"start":{"line":112,"column":2},"end":{"line":114,"column":3}},"70":{"start":{"line":113,"column":4},"end":{"line":113,"column":16}},"71":{"start":{"line":116,"column":2},"end":{"line":242,"column":4}},"72":{"start":{"line":122,"column":28},"end":{"line":122,"column":59}},"73":{"start":{"line":123,"column":28},"end":{"line":123,"column":58}},"74":{"start":{"line":124,"column":26},"end":{"line":124,"column":78}},"75":{"start":{"line":126,"column":8},"end":{"line":192,"column":10}},"76":{"start":{"line":145,"column":36},"end":{"line":145,"column":60}},"77":{"start":{"line":146,"column":41},"end":{"line":146,"column":67}},"78":{"start":{"line":147,"column":41},"end":{"line":147,"column":64}},"79":{"start":{"line":149,"column":18},"end":{"line":177,"column":20}},"80":{"start":{"line":208,"column":32},"end":{"line":208,"column":56}},"81":{"start":{"line":209,"column":37},"end":{"line":209,"column":63}},"82":{"start":{"line":211,"column":14},"end":{"line":236,"column":16}},"83":{"start":{"line":10,"column":13},"end":{"line":10,"column":43}}},"fnMap":{"0":{"name":"(anonymous_0)","decl":{"start":{"line":10,"column":43},"end":{"line":10,"column":46}},"loc":{"start":{"line":10,"column":48},"end":{"line":243,"column":1}}},"1":{"name":"(anonymous_1)","decl":{"start":{"line":11,"column":37},"end":{"line":11,"column":42}},"loc":{"start":{"line":11,"column":46},"end":{"line":11,"column":68}}},"2":{"name":"(anonymous_2)","decl":{"start":{"line":22,"column":28},"end":{"line":22,"column":29}},"loc":{"start":{"line":22,"column":67},"end":{"line":26,"column":3}}},"3":{"name":"(anonymous_3)","decl":{"start":{"line":29,"column":29},"end":{"line":29,"column":30}},"loc":{"start":{"line":29,"column":56},"end":{"line":43,"column":3}}},"4":{"name":"(anonymous_4)","decl":{"start":{"line":35,"column":55},"end":{"line":35,"column":56}},"loc":{"start":{"line":36,"column":10},"end":{"line":36,"column":37}}},"5":{"name":"(anonymous_5)","decl":{"start":{"line":46,"column":37},"end":{"line":46,"column":40}},"loc":{"start":{"line":46,"column":42},"end":{"line":48,"column":3}}},"6":{"name":"(anonymous_6)","decl":{"start":{"line":51,"column":37},"end":{"line":51,"column":40}},"loc":{"start":{"line":51,"column":42},"end":{"line":62,"column":3}}},"7":{"name":"(anonymous_7)","decl":{"start":{"line":54,"column":41},"end":{"line":54,"column":42}},"loc":{"start":{"line":54,"column":61},"end":{"line":59,"column":5}}},"8":{"name":"(anonymous_8)","decl":{"start":{"line":55,"column":36},"end":{"line":55,"column":37}},"loc":{"start":{"line":55,"column":52},"end":{"line":58,"column":7}}},"9":{"name":"(anonymous_9)","decl":{"start":{"line":65,"column":37},"end":{"line":65,"column":38}},"loc":{"start":{"line":65,"column":85},"end":{"line":80,"column":3}}},"10":{"name":"(anonymous_10)","decl":{"start":{"line":66,"column":37},"end":{"line":66,"column":38}},"loc":{"start":{"line":66,"column":42},"end":{"line":66,"column":59}}},"11":{"name":"(anonymous_11)","decl":{"start":{"line":70,"column":18},"end":{"line":70,"column":22}},"loc":{"start":{"line":70,"column":25},"end":{"line":77,"column":5}}},"12":{"name":"(anonymous_12)","decl":{"start":{"line":72,"column":28},"end":{"line":72,"column":36}},"loc":{"start":{"line":72,"column":39},"end":{"line":76,"column":7}}},"13":{"name":"(anonymous_13)","decl":{"start":{"line":83,"column":31},"end":{"line":83,"column":32}},"loc":{"start":{"line":83,"column":58},"end":{"line":108,"column":3}}},"14":{"name":"(anonymous_14)","decl":{"start":{"line":93,"column":38},"end":{"line":93,"column":39}},"loc":{"start":{"line":93,"column":53},"end":{"line":96,"column":9}}},"15":{"name":"(anonymous_15)","decl":{"start":{"line":103,"column":60},"end":{"line":103,"column":61}},"loc":{"start":{"line":103,"column":84},"end":{"line":103,"column":104}}},"16":{"name":"(anonymous_16)","decl":{"start":{"line":110,"column":56},"end":{"line":110,"column":57}},"loc":{"start":{"line":110,"column":72},"end":{"line":110,"column":83}}},"17":{"name":"(anonymous_17)","decl":{"start":{"line":121,"column":24},"end":{"line":121,"column":30}},"loc":{"start":{"line":121,"column":33},"end":{"line":193,"column":7}}},"18":{"name":"(anonymous_18)","decl":{"start":{"line":144,"column":33},"end":{"line":144,"column":37}},"loc":{"start":{"line":144,"column":40},"end":{"line":178,"column":17}}},"19":{"name":"(anonymous_19)","decl":{"start":{"line":207,"column":41},"end":{"line":207,"column":45}},"loc":{"start":{"line":207,"column":48},"end":{"line":237,"column":13}}}},"branchMap":{"0":{"loc":{"start":{"line":12,"column":20},"end":{"line":12,"column":43}},"type":"binary-expr","locations":[{"start":{"line":12,"column":20},"end":{"line":12,"column":37}},{"start":{"line":12,"column":41},"end":{"line":12,"column":43}}]},"1":{"loc":{"start":{"line":14,"column":2},"end":{"line":14,"column":32}},"type":"if","locations":[{"start":{"line":14,"column":2},"end":{"line":14,"column":32}},{"start":{},"end":{}}]},"2":{"loc":{"start":{"line":23,"column":4},"end":{"line":23,"column":48}},"type":"if","locations":[{"start":{"line":23,"column":4},"end":{"line":23,"column":48}},{"start":{},"end":{}}]},"3":{"loc":{"start":{"line":24,"column":4},"end":{"line":24,"column":63}},"type":"if","locations":[{"start":{"line":24,"column":4},"end":{"line":24,"column":63}},{"start":{},"end":{}}]},"4":{"loc":{"start":{"line":32,"column":4},"end":{"line":40,"column":5}},"type":"if","locations":[{"start":{"line":32,"column":4},"end":{"line":40,"column":5}},{"start":{},"end":{}}]},"5":{"loc":{"start":{"line":34,"column":6},"end":{"line":39,"column":7}},"type":"if","locations":[{"start":{"line":34,"column":6},"end":{"line":39,"column":7}},{"start":{},"end":{}}]},"6":{"loc":{"start":{"line":34,"column":10},"end":{"line":34,"column":67}},"type":"binary-expr","locations":[{"start":{"line":34,"column":10},"end":{"line":34,"column":31}},{"start":{"line":34,"column":35},"end":{"line":34,"column":67}}]},"7":{"loc":{"start":{"line":67,"column":4},"end":{"line":67,"column":27}},"type":"if","locations":[{"start":{"line":67,"column":4},"end":{"line":67,"column":27}},{"start":{},"end":{}}]},"8":{"loc":{"start":{"line":71,"column":28},"end":{"line":71,"column":53}},"type":"binary-expr","locations":[{"start":{"line":71,"column":28},"end":{"line":71,"column":47}},{"start":{"line":71,"column":51},"end":{"line":71,"column":53}}]},"9":{"loc":{"start":{"line":73,"column":8},"end":{"line":75,"column":9}},"type":"if","locations":[{"start":{"line":73,"column":8},"end":{"line":75,"column":9}},{"start":{},"end":{}}]},"10":{"loc":{"start":{"line":84,"column":4},"end":{"line":107,"column":5}},"type":"if","locations":[{"start":{"line":84,"column":4},"end":{"line":107,"column":5}},{"start":{"line":100,"column":11},"end":{"line":107,"column":5}}]},"11":{"loc":{"start":{"line":88,"column":6},"end":{"line":90,"column":7}},"type":"if","locations":[{"start":{"line":88,"column":6},"end":{"line":90,"column":7}},{"start":{},"end":{}}]},"12":{"loc":{"start":{"line":88,"column":10},"end":{"line":88,"column":69}},"type":"binary-expr","locations":[{"start":{"line":88,"column":10},"end":{"line":88,"column":29}},{"start":{"line":88,"column":33},"end":{"line":88,"column":69}}]},"13":{"loc":{"start":{"line":92,"column":6},"end":{"line":97,"column":7}},"type":"if","locations":[{"start":{"line":92,"column":6},"end":{"line":97,"column":7}},{"start":{},"end":{}}]},"14":{"loc":{"start":{"line":92,"column":10},"end":{"line":92,"column":67}},"type":"binary-expr","locations":[{"start":{"line":92,"column":10},"end":{"line":92,"column":31}},{"start":{"line":92,"column":35},"end":{"line":92,"column":67}}]},"15":{"loc":{"start":{"line":95,"column":45},"end":{"line":95,"column":73}},"type":"cond-expr","locations":[{"start":{"line":95,"column":65},"end":{"line":95,"column":68}},{"start":{"line":95,"column":71},"end":{"line":95,"column":73}}]},"16":{"loc":{"start":{"line":99,"column":13},"end":{"line":99,"column":53}},"type":"cond-expr","locations":[{"start":{"line":99,"column":32},"end":{"line":99,"column":48}},{"start":{"line":99,"column":51},"end":{"line":99,"column":53}}]},"17":{"loc":{"start":{"line":102,"column":6},"end":{"line":105,"column":7}},"type":"if","locations":[{"start":{"line":102,"column":6},"end":{"line":105,"column":7}},{"start":{},"end":{}}]},"18":{"loc":{"start":{"line":102,"column":10},"end":{"line":102,"column":91}},"type":"binary-expr","locations":[{"start":{"line":102,"column":10},"end":{"line":102,"column":43}},{"start":{"line":102,"column":47},"end":{"line":102,"column":91}}]},"19":{"loc":{"start":{"line":112,"column":2},"end":{"line":114,"column":3}},"type":"if","locations":[{"start":{"line":112,"column":2},"end":{"line":114,"column":3}},{"start":{},"end":{}}]},"20":{"loc":{"start":{"line":122,"column":28},"end":{"line":122,"column":59}},"type":"binary-expr","locations":[{"start":{"line":122,"column":28},"end":{"line":122,"column":53}},{"start":{"line":122,"column":57},"end":{"line":122,"column":59}}]},"21":{"loc":{"start":{"line":123,"column":28},"end":{"line":123,"column":58}},"type":"binary-expr","locations":[{"start":{"line":123,"column":28},"end":{"line":123,"column":53}},{"start":{"line":123,"column":57},"end":{"line":123,"column":58}}]},"22":{"loc":{"start":{"line":132,"column":17},"end":{"line":136,"column":null}},"type":"binary-expr","locations":[{"start":{"line":132,"column":17},"end":{"line":132,"column":37}},{"start":{"line":133,"column":18},"end":{"line":134,"column":null}}]},"23":{"loc":{"start":{"line":142,"column":13},"end":{"line":189,"column":null}},"type":"cond-expr","locations":[{"start":{"line":143,"column":14},"end":{"line":184,"column":null}},{"start":{"line":187,"column":14},"end":{"line":187,"column":null}}]},"24":{"loc":{"start":{"line":154,"column":33},"end":{"line":154,"column":70}},"type":"binary-expr","locations":[{"start":{"line":154,"column":33},"end":{"line":154,"column":48}},{"start":{"line":154,"column":52},"end":{"line":154,"column":70}}]},"25":{"loc":{"start":{"line":162,"column":29},"end":{"line":163,"column":null}},"type":"binary-expr","locations":[{"start":{"line":162,"column":29},"end":{"line":162,"column":43}},{"start":{"line":163,"column":30},"end":{"line":163,"column":111}}]},"26":{"loc":{"start":{"line":166,"column":27},"end":{"line":169,"column":null}},"type":"binary-expr","locations":[{"start":{"line":166,"column":27},"end":{"line":166,"column":41}},{"start":{"line":167,"column":28},"end":{"line":168,"column":null}}]},"27":{"loc":{"start":{"line":180,"column":17},"end":{"line":183,"column":null}},"type":"binary-expr","locations":[{"start":{"line":180,"column":17},"end":{"line":180,"column":37}},{"start":{"line":181,"column":18},"end":{"line":182,"column":null}}]},"28":{"loc":{"start":{"line":196,"column":7},"end":{"line":239,"column":null}},"type":"binary-expr","locations":[{"start":{"line":196,"column":7},"end":{"line":196,"column":41}},{"start":{"line":197,"column":8},"end":{"line":238,"column":null}}]},"29":{"loc":{"start":{"line":216,"column":29},"end":{"line":216,"column":66}},"type":"binary-expr","locations":[{"start":{"line":216,"column":29},"end":{"line":216,"column":44}},{"start":{"line":216,"column":48},"end":{"line":216,"column":66}}]},"30":{"loc":{"start":{"line":225,"column":23},"end":{"line":228,"column":null}},"type":"binary-expr","locations":[{"start":{"line":225,"column":23},"end":{"line":225,"column":37}},{"start":{"line":226,"column":24},"end":{"line":227,"column":null}}]}},"s":{"0":0,"1":0,"2":0,"3":0,"4":0,"5":0,"6":0,"7":0,"8":0,"9":0,"10":0,"11":0,"12":0,"13":0,"14":0,"15":0,"16":0,"17":0,"18":0,"19":0,"20":0,"21":0,"22":0,"23":0,"24":0,"25":0,"26":0,"27":0,"28":0,"29":0,"30":0,"31":0,"32":0,"33":0,"34":0,"35":0,"36":0,"37":0,"38":0,"39":0,"40":0,"41":0,"42":0,"43":0,"44":0,"45":0,"46":0,"47":0,"48":0,"49":0,"50":0,"51":0,"52":0,"53":0,"54":0,"55":0,"56":0,"57":0,"58":0,"59":0,"60":0,"61":0,"62":0,"63":0,"64":0,"65":0,"66":0,"67":0,"68":0,"69":0,"70":0,"71":0,"72":0,"73":0,"74":0,"75":0,"76":0,"77":0,"78":0,"79":0,"80":0,"81":0,"82":0,"83":0},"f":{"0":0,"1":0,"2":0,"3":0,"4":0,"5":0,"6":0,"7":0,"8":0,"9":0,"10":0,"11":0,"12":0,"13":0,"14":0,"15":0,"16":0,"17":0,"18":0,"19":0},"b":{"0":[0,0],"1":[0,0],"2":[0,0],"3":[0,0],"4":[0,0],"5":[0,0],"6":[0,0],"7":[0,0],"8":[0,0],"9":[0,0],"10":[0,0],"11":[0,0],"12":[0,0],"13":[0,0],"14":[0,0],"15":[0,0],"16":[0,0],"17":[0,0],"18":[0,0],"19":[0,0],"20":[0,0],"21":[0,0],"22":[0,0],"23":[0,0],"24":[0,0],"25":[0,0],"26":[0,0],"27":[0,0],"28":[0,0],"29":[0,0],"30":[0,0]}}
,"C:\\Users\\daniy\\OneDrive\\Desktop\\MyWork\\Coffee Ordering App Latest\\components\\features\\PastryCustomization.tsx": {"path":"C:\\Users\\daniy\\OneDrive\\Desktop\\MyWork\\Coffee Ordering App Latest\\components\\features\\PastryCustomization.tsx","statementMap":{"0":{"start":{"line":1,"column":0},"end":{"line":1,"column":26}},"1":{"start":{"line":2,"column":0},"end":{"line":2,"column":41}},"2":{"start":{"line":11,"column":80},"end":{"line":58,"column":1}},"3":{"start":{"line":16,"column":27},"end":{"line":29,"column":3}},"4":{"start":{"line":17,"column":22},"end":{"line":17,"column":76}},"5":{"start":{"line":18,"column":4},"end":{"line":28,"column":5}},"6":{"start":{"line":19,"column":6},"end":{"line":22,"column":9}},"7":{"start":{"line":21,"column":74},"end":{"line":21,"column":90}},"8":{"start":{"line":24,"column":6},"end":{"line":27,"column":9}},"9":{"start":{"line":31,"column":2},"end":{"line":37,"column":3}},"10":{"start":{"line":32,"column":4},"end":{"line":36,"column":6}},"11":{"start":{"line":39,"column":2},"end":{"line":57,"column":4}},"12":{"start":{"line":44,"column":10},"end":{"line":44,"column":32}},"13":{"start":{"line":48,"column":37},"end":{"line":48,"column":65}},"14":{"start":{"line":11,"column":13},"end":{"line":11,"column":80}}},"fnMap":{"0":{"name":"(anonymous_0)","decl":{"start":{"line":11,"column":80},"end":{"line":11,"column":81}},"loc":{"start":{"line":15,"column":5},"end":{"line":58,"column":1}}},"1":{"name":"(anonymous_1)","decl":{"start":{"line":16,"column":27},"end":{"line":16,"column":28}},"loc":{"start":{"line":16,"column":50},"end":{"line":29,"column":3}}},"2":{"name":"(anonymous_2)","decl":{"start":{"line":21,"column":69},"end":{"line":21,"column":70}},"loc":{"start":{"line":21,"column":74},"end":{"line":21,"column":90}}},"3":{"name":"(anonymous_3)","decl":{"start":{"line":43,"column":41},"end":{"line":43,"column":51}},"loc":{"start":{"line":44,"column":10},"end":{"line":44,"column":32}}},"4":{"name":"(anonymous_4)","decl":{"start":{"line":48,"column":31},"end":{"line":48,"column":34}},"loc":{"start":{"line":48,"column":37},"end":{"line":48,"column":65}}}},"branchMap":{"0":{"loc":{"start":{"line":18,"column":4},"end":{"line":28,"column":5}},"type":"if","locations":[{"start":{"line":18,"column":4},"end":{"line":28,"column":5}},{"start":{"line":23,"column":11},"end":{"line":28,"column":5}}]},"1":{"loc":{"start":{"line":31,"column":2},"end":{"line":37,"column":3}},"type":"if","locations":[{"start":{"line":31,"column":2},"end":{"line":37,"column":3}},{"start":{},"end":{}}]}},"s":{"0":0,"1":0,"2":0,"3":0,"4":0,"5":0,"6":0,"7":0,"8":0,"9":0,"10":0,"11":0,"12":0,"13":0,"14":0},"f":{"0":0,"1":0,"2":0,"3":0,"4":0},"b":{"0":[0,0],"1":[0,0]}}
,"C:\\Users\\daniy\\OneDrive\\Desktop\\MyWork\\Coffee Ordering App Latest\\components\\figma\\ImageWithFallback.tsx": {"path":"C:\\Users\\daniy\\OneDrive\\Desktop\\MyWork\\Coffee Ordering App Latest\\components\\figma\\ImageWithFallback.tsx","statementMap":{"0":{"start":{"line":6,"column":0},"end":{"line":6,"column":16}},"1":{"start":{"line":1,"column":0},"end":{"line":1,"column":39}},"2":{"start":{"line":4,"column":2},"end":{"line":4,"column":386}},"3":{"start":{"line":7,"column":34},"end":{"line":7,"column":49}},"4":{"start":{"line":9,"column":22},"end":{"line":11,"column":3}},"5":{"start":{"line":10,"column":4},"end":{"line":10,"column":null}},"6":{"start":{"line":13,"column":50},"end":{"line":13,"column":55}},"7":{"start":{"line":15,"column":2},"end":{"line":26,"column":null}}},"fnMap":{"0":{"name":"ImageWithFallback","decl":{"start":{"line":6,"column":16},"end":{"line":6,"column":33}},"loc":{"start":{"line":6,"column":82},"end":{"line":27,"column":1}}},"1":{"name":"(anonymous_1)","decl":{"start":{"line":9,"column":22},"end":{"line":9,"column":25}},"loc":{"start":{"line":9,"column":27},"end":{"line":11,"column":3}}}},"branchMap":{"0":{"loc":{"start":{"line":15,"column":9},"end":{"line":25,"column":null}},"type":"cond-expr","locations":[{"start":{"line":16,"column":4},"end":{"line":22,"column":null}},{"start":{"line":25,"column":4},"end":{"line":25,"column":99}}]},"1":{"loc":{"start":{"line":17,"column":70},"end":{"line":17,"column":85}},"type":"binary-expr","locations":[{"start":{"line":17,"column":70},"end":{"line":17,"column":79}},{"start":{"line":17,"column":83},"end":{"line":17,"column":85}}]}},"s":{"0":0,"1":0,"2":0,"3":0,"4":0,"5":0,"6":0,"7":0},"f":{"0":0,"1":0},"b":{"0":[0,0],"1":[0,0]}}
,"C:\\Users\\daniy\\OneDrive\\Desktop\\MyWork\\Coffee Ordering App Latest\\components\\layout\\Header.tsx": {"path":"C:\\Users\\daniy\\OneDrive\\Desktop\\MyWork\\Coffee Ordering App Latest\\components\\layout\\Header.tsx","statementMap":{"0":{"start":{"line":1,"column":0},"end":{"line":1,"column":26}},"1":{"start":{"line":2,"column":0},"end":{"line":2,"column":106}},"2":{"start":{"line":3,"column":0},"end":{"line":3,"column":37}},"3":{"start":{"line":4,"column":0},"end":{"line":4,"column":35}},"4":{"start":{"line":5,"column":0},"end":{"line":5,"column":88}},"5":{"start":{"line":6,"column":0},"end":{"line":6,"column":92}},"6":{"start":{"line":8,"column":0},"end":{"line":8,"column":56}},"7":{"start":{"line":22,"column":45},"end":{"line":261,"column":1}},"8":{"start":{"line":33,"column":26},"end":{"line":70,"column":4}},"9":{"start":{"line":72,"column":2},"end":{"line":260,"column":4}},"10":{"start":{"line":94,"column":22},"end":{"line":94,"column":67}},"11":{"start":{"line":104,"column":24},"end":{"line":105,"column":null}},"12":{"start":{"line":133,"column":16},"end":{"line":134,"column":null}},"13":{"start":{"line":162,"column":16},"end":{"line":163,"column":null}},"14":{"start":{"line":220,"column":22},"end":{"line":221,"column":null}},"15":{"start":{"line":22,"column":13},"end":{"line":22,"column":45}}},"fnMap":{"0":{"name":"(anonymous_0)","decl":{"start":{"line":22,"column":45},"end":{"line":22,"column":46}},"loc":{"start":{"line":32,"column":5},"end":{"line":261,"column":1}}},"1":{"name":"(anonymous_1)","decl":{"start":{"line":93,"column":35},"end":{"line":93,"column":36}},"loc":{"start":{"line":93,"column":45},"end":{"line":95,"column":21}}},"2":{"name":"(anonymous_2)","decl":{"start":{"line":103,"column":43},"end":{"line":103,"column":48}},"loc":{"start":{"line":104,"column":24},"end":{"line":105,"column":null}}},"3":{"name":"(anonymous_3)","decl":{"start":{"line":132,"column":35},"end":{"line":132,"column":36}},"loc":{"start":{"line":133,"column":16},"end":{"line":134,"column":null}}},"4":{"name":"(anonymous_4)","decl":{"start":{"line":161,"column":35},"end":{"line":161,"column":36}},"loc":{"start":{"line":162,"column":16},"end":{"line":163,"column":null}}},"5":{"name":"(anonymous_5)","decl":{"start":{"line":219,"column":41},"end":{"line":219,"column":42}},"loc":{"start":{"line":220,"column":22},"end":{"line":221,"column":null}}}},"branchMap":{"0":{"loc":{"start":{"line":45,"column":13},"end":{"line":45,"column":42}},"type":"binary-expr","locations":[{"start":{"line":45,"column":13},"end":{"line":45,"column":37}},{"start":{"line":45,"column":41},"end":{"line":45,"column":42}}]},"1":{"loc":{"start":{"line":87,"column":11},"end":{"line":125,"column":null}},"type":"binary-expr","locations":[{"start":{"line":87,"column":11},"end":{"line":87,"column":22}},{"start":{"line":88,"column":12},"end":{"line":124,"column":null}}]},"2":{"loc":{"start":{"line":90,"column":17},"end":{"line":121,"column":null}},"type":"cond-expr","locations":[{"start":{"line":91,"column":18},"end":{"line":112,"column":null}},{"start":{"line":115,"column":18},"end":{"line":120,"column":null}}]},"3":{"loc":{"start":{"line":90,"column":17},"end":{"line":90,"column":62}},"type":"binary-expr","locations":[{"start":{"line":90,"column":17},"end":{"line":90,"column":32}},{"start":{"line":90,"column":36},"end":{"line":90,"column":62}}]},"4":{"loc":{"start":{"line":123,"column":104},"end":{"line":123,"column":147}},"type":"cond-expr","locations":[{"start":{"line":123,"column":139},"end":{"line":123,"column":142}},{"start":{"line":123,"column":145},"end":{"line":123,"column":147}}]},"5":{"loc":{"start":{"line":138,"column":20},"end":{"line":138,"column":null}},"type":"cond-expr","locations":[{"start":{"line":138,"column":57},"end":{"line":138,"column":82}},{"start":{"line":138,"column":85},"end":{"line":138,"column":null}}]},"6":{"loc":{"start":{"line":143,"column":19},"end":{"line":153,"column":null}},"type":"binary-expr","locations":[{"start":{"line":143,"column":19},"end":{"line":143,"column":38}},{"start":{"line":143,"column":42},"end":{"line":143,"column":56}},{"start":{"line":144,"column":20},"end":{"line":152,"column":null}}]},"7":{"loc":{"start":{"line":147,"column":24},"end":{"line":149,"column":null}},"type":"cond-expr","locations":[{"start":{"line":148,"column":28},"end":{"line":148,"column":52}},{"start":{"line":149,"column":28},"end":{"line":149,"column":null}}]},"8":{"loc":{"start":{"line":168,"column":20},"end":{"line":168,"column":null}},"type":"cond-expr","locations":[{"start":{"line":168,"column":57},"end":{"line":168,"column":82}},{"start":{"line":168,"column":85},"end":{"line":168,"column":null}}]},"9":{"loc":{"start":{"line":172,"column":19},"end":{"line":182,"column":null}},"type":"binary-expr","locations":[{"start":{"line":172,"column":19},"end":{"line":172,"column":38}},{"start":{"line":172,"column":42},"end":{"line":172,"column":56}},{"start":{"line":173,"co
[...]
34},"end":{"line":21,"column":1}},"1":{"start":{"line":7,"column":18},"end":{"line":7,"column":33}},"2":{"start":{"line":10,"column":2},"end":{"line":18,"column":3}},"3":{"start":{"line":11,"column":27},"end":{"line":11,"column":53}},"4":{"start":{"line":12,"column":4},"end":{"line":17,"column":5}},"5":{"start":{"line":13,"column":24},"end":{"line":14,"column":null}},"6":{"start":{"line":14,"column":8},"end":{"line":14,"column":35}},"7":{"start":{"line":16,"column":6},"end":{"line":16,"column":29}},"8":{"start":{"line":20,"column":2},"end":{"line":20,"column":19}},"9":{"start":{"line":6,"column":13},"end":{"line":6,"column":34}},"10":{"start":{"line":26,"column":37},"end":{"line":31,"column":1}},"11":{"start":{"line":27,"column":2},"end":{"line":30,"column":8}},"12":{"start":{"line":28,"column":22},"end":{"line":28,"column":46}},"13":{"start":{"line":29,"column":4},"end":{"line":29,"column":47}},"14":{"start":{"line":26,"column":13},"end":{"line":26,"column":37}},"15":{"start":{"line":36,"column":28},"end":{"line":38,"column":1}},"16":{"start":{"line":37,"column":2},"end":{"line":37,"column":28}},"17":{"start":{"line":36,"column":13},"end":{"line":36,"column":28}},"18":{"start":{"line":43,"column":34},"end":{"line":56,"column":1}},"19":{"start":{"line":48,"column":19},"end":{"line":48,"column":51}},"20":{"start":{"line":49,"column":14},"end":{"line":49,"column":45}},"21":{"start":{"line":51,"column":2},"end":{"line":55,"column":4}},"22":{"start":{"line":43,"column":13},"end":{"line":43,"column":34}}},"fnMap":{"0":{"name":"(anonymous_0)","decl":{"start":{"line":6,"column":34},"end":{"line":6,"column":35}},"loc":{"start":{"line":6,"column":61},"end":{"line":21,"column":1}}},"1":{"name":"(anonymous_1)","decl":{"start":{"line":13,"column":53},"end":{"line":13,"column":54}},"loc":{"start":{"line":14,"column":8},"end":{"line":14,"column":35}}},"2":{"name":"(anonymous_2)","decl":{"start":{"line":26,"column":37},"end":{"line":26,"column":38}},"loc":{"start":{"line":26,"column":71},"end":{"line":31,"column":1}}},"3":{"name":"(anonymous_3)","decl":{"start":{"line":27,"column":26},"end":{"line":27,"column":27}},"loc":{"start":{"line":27,"column":42},"end":{"line":30,"column":3}}},"4":{"name":"(anonymous_4)","decl":{"start":{"line":36,"column":28},"end":{"line":36,"column":29}},"loc":{"start":{"line":36,"column":81},"end":{"line":38,"column":1}}},"5":{"name":"(anonymous_5)","decl":{"start":{"line":43,"column":34},"end":{"line":43,"column":35}},"loc":{"start":{"line":47,"column":4},"end":{"line":56,"column":1}}}},"branchMap":{"0":{"loc":{"start":{"line":10,"column":2},"end":{"line":18,"column":3}},"type":"if","locations":[{"start":{"line":10,"column":2},"end":{"line":18,"column":3}},{"start":{},"end":{}}]},"1":{"loc":{"start":{"line":12,"column":4},"end":{"line":17,"column":5}},"type":"if","locations":[{"start":{"line":12,"column":4},"end":{"line":17,"column":5}},{"start":{},"end":{}}]},"2":{"loc":{"start":{"line":12,"column":8},"end":{"line":12,"column":65}},"type":"binary-expr","locations":[{"start":{"line":12,"column":8},"end":{"line":12,"column":29}},{"start":{"line":12,"column":33},"end":{"line":12,"column":65}}]},"3":{"loc":{"start":{"line":36,"column":47},"end":{"line":36,"column":69}},"type":"default-arg","locations":[{"start":{"line":36,"column":65},"end":{"line":36,"column":69}}]},"4":{"loc":{"start":{"line":43,"column":58},"end":{"line":43,"column":80}},"type":"default-arg","locations":[{"start":{"line":43,"column":76},"end":{"line":43,"column":80}}]}},"s":{"0":0,"1":0,"2":0,"3":0,"4":0,"5":0,"6":0,"7":0,"8":0,"9":0,"10":0,"11":0,"12":0,"13":0,"14":0,"15":0,"16":0,"17":0,"18":0,"19":0,"20":0,"21":0,"22":0},"f":{"0":0,"1":0,"2":0,"3":0,"4":0,"5":0},"b":{"0":[0,0],"1":[0,0],"2":[0,0],"3":[0],"4":[0]}}
,"C:\\Users\\daniy\\OneDrive\\Desktop\\MyWork\\Coffee Ordering App Latest\\utils\\cart-helpers.ts": {"path":"C:\\Users\\daniy\\OneDrive\\Desktop\\MyWork\\Coffee Ordering App Latest\\utils\\cart-helpers.ts","statementMap":{"0":{"start":{"line":6,"column":38},"end":{"line":54,"column":1}},"1":{"start":{"line":7,"column":2},"end":{"line":7,"column":46}},"2":{"start":{"line":7,"column":33},"end":{"line":7,"column":46}},"3":{"start":{"line":9,"column":2},"end":{"line":53,"column":3}},"4":{"start":{"line":10,"column":20},"end":{"line":10,"column":63}},"5":{"start":{"line":11,"column":20},"end":{"line":11,"column":63}},"6":{"start":{"line":14,"column":4},"end":{"line":14,"column":52}},"7":{"start":{"line":14,"column":39},"end":{"line":14,"column":52}},"8":{"start":{"line":17,"column":4},"end":{"line":17,"column":70}},"9":{"start":{"line":17,"column":57},"end":{"line":17,"column":70}},"10":{"start":{"line":20,"column":26},"end":{"line":21,"column":null}},"11":{"start":{"line":21,"column":6},"end":{"line":21,"column":59}},"12":{"start":{"line":24,"column":26},"end":{"line":25,"column":null}},"13":{"start":{"line":25,"column":6},"end":{"line":25,"column":59}},"14":{"start":{"line":29,"column":4},"end":{"line":34,"column":5}},"15":{"start":{"line":29,"column":17},"end":{"line":29,"column":18}},"16":{"start":{"line":30,"column":6},"end":{"line":33,"column":7}},"17":{"start":{"line":32,"column":8},"end":{"line":32,"column":21}},"18":{"start":{"line":36,"column":4},"end":{"line":36,"column":16}},"19":{"start":{"line":39,"column":20},"end":{"line":39,"column":63}},"20":{"start":{"line":40,"column":20},"end":{"line":40,"column":63}},"21":{"start":{"line":42,"column":4},"end":{"line":42,"column":94}},"22":{"start":{"line":42,"column":81},"end":{"line":42,"column":94}},"23":{"start":{"line":45,"column":20},"end":{"line":45,"column":58}},"24":{"start":{"line":46,"column":20},"end":{"line":46,"column":58}},"25":{"start":{"line":48,"column":4},"end":{"line":50,"column":5}},"26":{"start":{"line":48,"column":17},"end":{"line":48,"column":18}},"27":{"start":{"line":49,"column":6},"end":{"line":49,"column":50}},"28":{"start":{"line":49,"column":37},"end":{"line":49,"column":50}},"29":{"start":{"line":52,"column":4},"end":{"line":52,"column":16}},"30":{"start":{"line":6,"column":13},"end":{"line":6,"column":38}},"31":{"start":{"line":59,"column":36},"end":{"line":93,"column":1}},"32":{"start":{"line":60,"column":48},"end":{"line":62,"column":4}},"33":{"start":{"line":65,"column":2},"end":{"line":67,"column":5}},"34":{"start":{"line":66,"column":4},"end":{"line":66,"column":29}},"35":{"start":{"line":70,"column":2},"end":{"line":90,"column":5}},"36":{"start":{"line":71,"column":24},"end":{"line":73,"column":25}},"37":{"start":{"line":76,"column":30},"end":{"line":77,"column":null}},"38":{"start":{"line":77,"column":6},"end":{"line":77,"column":89}},"39":{"start":{"line":80,"column":4},"end":{"line":89,"column":5}},"40":{"start":{"line":82,"column":6},"end":{"line":85,"column":8}},"41":{"start":{"line":88,"column":6},"end":{"line":88,"column":29}},"42":{"start":{"line":92,"column":2},"end":{"line":92,"column":16}},"43":{"start":{"line":59,"column":13},"end":{"line":59,"column":36}},"44":{"start":{"line":98,"column":37},"end":{"line":122,"column":1}},"45":{"start":{"line":99,"column":36},"end":{"line":99,"column":38}},"46":{"start":{"line":101,"column":2},"end":{"line":119,"column":5}},"47":{"start":{"line":103,"column":30},"end":{"line":106,"column":null}},"48":{"start":{"line":104,"column":6},"end":{"line":106,"column":48}},"49":{"start":{"line":109,"column":4},"end":{"line":118,"column":5}},"50":{"start":{"line":111,"column":6},"end":{"line":114,"column":8}},"51":{"start":{"line":117,"column":6},"end":{"line":117,"column":31}},"52":{"start":{"line":121,"column":2},"end":{"line":121,"column":23}},"53":{"start":{"line":98,"column":13},"end":{"line":98,"column":37}}},"fnMap":{"0":{"name":"(anonymous_0)","decl":{"start":{"line":6,"column":38},"end":{"line":6,"column":39}},"loc":{"start":{"line":6,"column":84},"end":{"line":54,"column":1}}},"1":{"name":"(anonymous_1)","decl":{"start":{"line":20,"column":51},"end":{"line":20,"column":52}},"loc":{"start":{"line":21,"column":6},"end":{"line":21,"column":59}}},"2":{"name":"(anonymous_2)","decl":{"start":{"line":24,"column":51},"end":{"line":24,"column":52}},"loc":{"start":{"line":25,"column":6},"end":{"line":25,"column":59}}},"3":{"name":"(anonymous_3)","decl":{"start":{"line":59,"column":36},"end":{"line":59,"column":37}},"loc":{"start":{"line":59,"column":91},"end":{"line":93,"column":1}}},"4":{"name":"(anonymous_4)","decl":{"start":{"line":65,"column":23},"end":{"line":65,"column":29}},"loc":{"start":{"line":65,"column":32},"end":{"line":67,"column":3}}},"5":{"name":"(anonymous_5)","decl":{"start":{"line":70,"column":20},"end":{"line":70,"column":24}},"loc":{"start":{"line":70,"column":27},"end":{"line":90,"column":3}}},"6":{"name":"(anonymous_6)","decl":{"start":{"line":76,"column":52},"end":{"line":76,"column":64}},"loc":{"start":{"line":77,"column":6},"end":{"line":77,"column":89}}},"7":{"name":"(anonymous_7)","decl":{"start":{"line":98,"column":37},"end":{"line":98,"column":38}},"loc":{"start":{"line":98,"column":75},"end":{"line":122,"column":1}}},"8":{"name":"(anonymous_8)","decl":{"start":{"line":101,"column":20},"end":{"line":101,"column":24}},"loc":{"start":{"line":101,"column":27},"end":{"line":119,"column":3}}},"9":{"name":"(anonymous_9)","decl":{"start":{"line":103,"column":54},"end":{"line":103,"column":66}},"loc":{"start":{"line":104,"column":6},"end":{"line":106,"column":48}}}},"branchMap":{"0":{"loc":{"start":{"line":7,"column":2},"end":{"line":7,"column":46}},"type":"if","locations":[{"start":{"line":7,"column":2},"end":{"line":7,"column":46}},{"start":{},"end":{}}]},"1":{"loc":{"start":{"line":9,"column":2},"end":{"line":53,"column":3}},"type":"if","locations":[{"start":{"line":9,"column":2},"end":{"line":53,"column":3}},{"start":{"line":37,"column":9},"end":{"line":53,"column":3}}]},"2":{"loc":{"start":{"line":14,"column":4},"end":{"line":14,"column":52}},"type":"if","locations":[{"start":{"line":14,"column":4},"end":{"line":14,"column":52}},{"start":{},"end":{}}]},"3":{"loc":{"start":{"line":17,"column":4},"end":{"line":17,"column":70}},"type":"if","locations":[{"start":{"line":17,"column":4},"end":{"line":17,"column":70}},{"start":{},"end":{}}]},"4":{"loc":{"start":{"line":21,"column":6},"end":{"line":21,"column":59}},"type":"binary-expr","locations":[{"start":{"line":21,"column":6},"end":{"line":21,"column":38}},{"start":{"line":21,"column":42},"end":{"line":21,"column":59}}]},"5":{"loc":{"start":{"line":25,"column":6},"end":{"line":25,"column":59}},"type":"binary-expr","locations":[{"start":{"line":25,"column":6},"end":{"line":25,"column":38}},{"start":{"line":25,"column":42},"end":{"line":25,"column":59}}]},"6":{"loc":{"start":{"line":30,"column":6},"end":{"line":33,"column":7}},"type":"if","locations":[{"start":{"line":30,"column":6},"end":{"line":33,"column":7}},{"start":{},"end":{}}]},"7":{"loc":{"start":{"line":30,"column":10},"end":{"line":31,"column":59}},"type":"binary-expr","locations":[{"start":{"line":30,"column":10},"end":{"line":30,"column":61}},{"start":{"line":31,"column":10},"end":{"line":31,"column":59}}]},"8":{"loc":{"start":{"line":42,"column":4},"end":{"line":42,"column":94}},"type":"if","locations":[{"start":{"line":42,"column":4},"end":{"line":42,"column":94}},{"start":{},"end":{}}]},"9":{"loc":{"start":{"line":49,"column":6},"end":{"line":49,"column":50}},"type":"if","locations":[{"start":{"line":49,"column":6},"end":{"line":49,"column":50}},{"start":{},"end":{}}]},"10":{"loc":{"start":{"line":71,"column":24},"end":{"line":73,"column":25}},"type":"cond-expr","locations":[{"start":{"line":72,"column":8},"end":{"line":72,"column":31}},{"start":{"line":73,"column":8},"end":{"line":73,"column":25}}]},"11":{"loc":{"start":{"line":71,"column":24},"end":{"line":71,"column":66}},"type":"binary-expr","locations":[{"start":{"line":71,"column":24},"end":{"line":71,"column":39}},{"start":{"line":71,"column":43},"end":{"line":71,"column":66}}]},"12":{"loc":{"start":{"line":77,"column":6},"end":{"line":77,"column":89}},"type":"binary-expr","locations":[{"start":{"line":77,"column":6},"end":{"line":77,"column":43}},{"start":{"line":77,"column":47},"end":{"line":77,"column":89}}]},"13":{"loc":{"start":{"line":80,"column":4},"end":{"line":89,"column":5}},"type":"if","locations":[{"start":{"line":80,"column":4},"end":{"line":89,"column":5}},{"start":{"line":86,"column":11},"end":{"line":89,"column":5}}]},"14":{"loc":{"start":{"line":104,"column":6},"end":{"line":106,"column":48}},"type":"binary-expr","locations":[{"start":{"line":104,"column":6},"end":{"line":104,"column":43}},{"start":{"line":105,"column":6},"end":{"line":105,"column":49}},{"start":{"line":106,"column":6},"end":{"line":106,"column":48}}]},"15":{"loc":{"start":{"line":109,"column":4},"end":{"line":118,"column":5}},"type":"if","locations":[{"start":{"line":109,"column":4},"end":{"line":118,"column":5}},{"start":{"line":115,"column":11},"end":{"line":118,"column":5}}]}},"s":{"0":0,"1":0,"2":0,"3":0,"4":0,"5":0,"6":0,"7":0,"8":0,"9":0,"10":0,"11":0,"12":0,"13":0,"14":0,"15":0,"16":0,"17":0,"18":0,"19":0,"20":0,"21":0,"22":0,"23":0,"24":0,"25":0,"26":0,"27":0,"28":0,"29":0,"30":0,"31":0,"32":0,"33":0,"34":0,"35":0,"36":0,"37":0,"38":0,"39":0,"40":0,"41":0,"42":0,"43":0,"44":0,"45":0,"46":0,"47":0,"48":0,"49":0,"50":0,"51":0,"52":0,"53":0},"f":{"0":0,"1":0,"2":0,"3":0,"4":0,"5":0,"6":0,"7":0,"8":0,"9":0},"b":{"0":[0,0],"1":[0,0],"2":[0,0],"3":[0,0],"4":[0,0],"5":[0,0],"6":[0,0],"7":[0,0],"8":[0,0],"9":[0,0],"10":[0,0],"11":[0,0],"12":[0,0],"13":[0,0],"14":[0,0,0],"15":[0,0]}}
,"C:\\Users\\daniy\\OneDrive\\Desktop\\MyWork\\Coffee Ordering App Latest\\utils\\filter-utils.ts": {"path":"C:\\Users\\daniy\\OneDrive\\Desktop\\MyWork\\Coffee Ordering App Latest\\utils\\filter-utils.ts","statementMap":{"0":{"start":{"line":1,"column":0},"end":{"line":1,"column":56}},"1":{"start":{"line":4,"column":32},"end":{"line":14,"column":1}},"2":{"start":{"line":5,"column":2},"end":{"line":5,"column":39}},"3":{"start":{"line":5,"column":27},"end":{"line":5,"column":39}},"4":{"start":{"line":7,"column":16},"end":{"line":7,"column":41}},"5":{"start":{"line":8,"column":17},"end":{"line":8,"column":41}},"6":{"start":{"line":11,"column":16},"end":{"line":11,"column":35}},"7":{"start":{"line":13,"column":2},"end":{"line":13,"column":52}},"8":{"start":{"line":13,"column":28},"end":{"line":13,"column":50}},"9":{"start":{"line":4,"column":13},"end":{"line":4,"column":32}},"10":{"start":{"line":17,"column":27},"end":{"line":51,"column":1}},"11":{"start":{"line":28,"column":17},"end":{"line":28,"column":27}},"12":{"start":{"line":31,"column":2},"end":{"line":40,"column":3}},"13":{"start":{"line":32,"column":18},"end":{"line":32,"column":36}},"14":{"start":{"line":33,"column":4},"end":{"line":39,"column":7}},"15":{"start":{"line":34,"column":6},"end":{"line":38,"column":7}},"16":{"start":{"line":35,"column":8},"end":{"line":35,"column":50}},"17":{"start":{"line":37,"column":8},"end":{"line":37,"column":63}},"18":{"start":{"line":43,"column":2},"end":{"line":48,"column":3}},"19":{"start":{"line":44,"column":4},"end":{"line":47,"column":7}},"20":{"start":{"line":45,"column":37},"end":{"line":45,"column":68}},"21":{"start":{"line":46,"column":6},"end":{"line":46,"column":92}},"22":{"start":{"line":46,"column":54},"end":{"line":46,"column":90}},"23":{"start":{"line":50,"column":2},"end":{"line":50,"column":18}},"24":{"start":{"line":17,"column":13},"end":{"line":17,"column":27}},"25":{"start":{"line":54,"column":37},"end":{"line":74,"column":1}},"26":{"start":{"line":61,"column":22},"end":{"line":61,"column":39}},"27":{"start":{"line":63,"column":2},"end":{"line":71,"column":5}},"28":{"start":{"line":64,"column":35},"end":{"line":64,"column":66}},"29":{"start":{"line":65,"column":4},"end":{"line":70,"column":7}},"30":{"start":{"line":67,"column":6},"end":{"line":69,"column":7}},"31":{"start":{"line":68,"column":8},"end":{"line":68,"column":34}},"32":{"start":{"line":73,"column":2},"end":{"line":73,"column":40}},"33":{"start":{"line":54,"column":13},"end":{"line":54,"column":37}},"34":{"start":{"line":77,"column":38},"end":{"line":85,"column":1}},"35":{"start":{"line":84,"column":2},"end":{"line":84,"column":84}},"36":{"start":{"line":84,"column":43},"end":{"line":84,"column":75}},"37":{"start":{"line":77,"column":13},"end":{"line":77,"column":38}}},"fnMap":{"0":{"name":"(anonymous_0)","decl":{"start":{"line":4,"column":32},"end":{"line":4,"column":33}},"loc":{"start":{"line":4,"column":85},"end":{"line":14,"column":1}}},"1":{"name":"(anonymous_1)","decl":{"start":{"line":13,"column":20},"end":{"line":13,"column":24}},"loc":{"start":{"line":13,"column":28},"end":{"line":13,"column":50}}},"2":{"name":"(anonymous_2)","decl":{"start":{"line":17,"column":27},"end":{"line":17,"column":100}},"loc":{"start":{"line":27,"column":10},"end":{"line":51,"column":1}}},"3":{"name":"(anonymous_3)","decl":{"start":{"line":33,"column":31},"end":{"line":33,"column":35}},"loc":{"start":{"line":33,"column":38},"end":{"line":39,"column":5}}},"4":{"name":"(anonymous_4)","decl":{"start":{"line":44,"column":31},"end":{"line":44,"column":35}},"loc":{"start":{"line":44,"column":38},"end":{"line":47,"column":5}}},"5":{"name":"(anonymous_5)","decl":{"start":{"line":46,"column":42},"end":{"line":46,"column":50}},"loc":{"start":{"line":46,"column":54},"end":{"line":46,"column":90}}},"6":{"name":"(anonymous_6)","decl":{"start":{"line":54,"column":37},"end":{"line":54,"column":74}},"loc":{"start":{"line":60,"column":15},"end":{"line":74,"column":1}}},"7":{"name":"(anonymous_7)","decl":{"start":{"line":63,"column":16},"end":{"line":63,"column":20}},"loc":{"start":{"line":63,"column":23},"end":{"line":71,"column":3}}},"8":{"name":"(anonymous_8)","decl":{"start":{"line":65,"column":35},"end":{"line":65,"column":43}},"loc":{"start":{"line":65,"column":46},"end":{"line":70,"column":5}}},"9":{"name":"(anonymous_9)","decl":{"start":{"line":77,"column":38},"end":{"line":77,"column":39}},"loc":{"start":{"line":83,"column":15},"end":{"line":85,"column":1}}},"10":{"name":"(anonymous_10)","decl":{"start":{"line":84,"column":31},"end":{"line":84,"column":39}},"loc":{"start":{"line":84,"column":43},"end":{"line":84,"column":75}}}},"branchMap":{"0":{"loc":{"start":{"line":5,"column":2},"end":{"line":5,"column":39}},"type":"if","locations":[{"start":{"line":5,"column":2},"end":{"line":5,"column":39}},{"start":{},"end":{}}]},"1":{"loc":{"start":{"line":31,"column":2},"end":{"line":40,"column":3}},"type":"if","locations":[{"start":{"line":31,"column":2},"end":{"line":40,"column":3}},{"start":{},"end":{}}]},"2":{"loc":{"start":{"line":34,"column":6},"end":{"line":38,"column":7}},"type":"if","locations":[{"start":{"line":34,"column":6},"end":{"line":38,"column":7}},{"start":{"line":36,"column":13},"end":{"line":38,"column":7}}]},"3":{"loc":{"start":{"line":37,"column":39},"end":{"line":37,"column":61}},"type":"binary-expr","locations":[{"start":{"line":37,"column":39},"end":{"line":37,"column":55}},{"start":{"line":37,"column":59},"end":{"line":37,"column":61}}]},"4":{"loc":{"start":{"line":43,"column":2},"end":{"line":48,"column":3}},"type":"if","locations":[{"start":{"line":43,"column":2},"end":{"line":48,"column":3}},{"start":{},"end":{}}]},"5":{"loc":{"start":{"line":56,"column":2},"end":{"line":56,"column":31}},"type":"default-arg","locations":[{"start":{"line":56,"column":29},"end":{"line":56,"column":31}}]},"6":{"loc":{"start":{"line":67,"column":6},"end":{"line":69,"column":7}},"type":"if","locations":[{"start":{"line":67,"column":6},"end":{"line":69,"column":7}},{"start":{},"end":{}}]}},"s":{"0":0,"1":0,"2":0,"3":0,"4":0,"5":0,"6":0,"7":0,"8":0,"9":0,"10":0,"11":0,"12":0,"13":0,"14":0,"15":0,"16":0,"17":0,"18":0,"19":0,"20":0,"21":0,"22":0,"23":0,"24":0,"25":0,"26":0,"27":0,"28":0,"29":0,"30":0,"31":0,"32":0,"33":0,"34":0,"35":0,"36":0,"37":0},"f":{"0":0,"1":0,"2":0,"3":0,"4":0,"5":0,"6":0,"7":0,"8":0,"9":0,"10":0},"b":{"0":[0,0],"1":[0,0],"2":[0,0],"3":[0,0],"4":[0,0],"5":[0],"6":[0,0]}}
}
